2023-01-06 20:45:13,909 - src.controller.ai - INFO - Starting while strategy
2023-01-06 20:45:13,911 - src.controller.ai - INFO - Starting Go strategy
2023-01-06 20:45:13,987 - src.controller.adaptateur_robot_irl - INFO - capteur distance: 316
2023-01-06 20:45:13,988 - src.controller.ai - INFO - capteur distance :  316, condition :100
2023-01-06 20:45:14,031 - src.controller.adaptateur_robot_irl - INFO - capteur distance: 313
2023-01-06 20:45:14,032 - src.controller.ai - INFO - distance parcourue 0.0, distance 2
2023-01-06 20:45:14,074 - src.controller.adaptateur_robot_irl - INFO - capteur distance: 310
2023-01-06 20:45:14,075 - src.controller.ai - INFO - capteur distance :  310, condition :100
2023-01-06 20:45:14,118 - src.controller.adaptateur_robot_irl - INFO - capteur distance: 308
2023-01-06 20:45:14,119 - src.controller.ai - INFO - distance parcourue 0.0, distance 2
2023-01-06 20:45:14,120 - src.controller.ai - INFO - distance parcourue 0.515375, distance 2
2023-01-06 20:45:14,165 - src.controller.adaptateur_robot_irl - INFO - capteur distance: 301
2023-01-06 20:45:14,165 - src.controller.ai - INFO - capteur distance :  301, condition :100
2023-01-06 20:45:14,208 - src.controller.adaptateur_robot_irl - INFO - capteur distance: 298
2023-01-06 20:45:14,209 - src.controller.ai - INFO - distance parcourue 0.515375, distance 2
2023-01-06 20:45:14,252 - src.controller.adaptateur_robot_irl - INFO - capteur distance: 302
2023-01-06 20:45:14,253 - src.controller.ai - INFO - capteur distance :  302, condition :100
2023-01-06 20:45:14,297 - src.controller.adaptateur_robot_irl - INFO - capteur distance: 295
2023-01-06 20:45:14,298 - src.controller.ai - INFO - distance parcourue 0.515375, distance 2
2023-01-06 20:45:14,299 - src.controller.ai - INFO - distance parcourue 1.1138750000000002, distance 2
2023-01-06 20:45:14,348 - src.controller.adaptateur_robot_irl - INFO - capteur distance: 294
2023-01-06 20:45:14,349 - src.controller.ai - INFO - capteur distance :  294, condition :100
2023-01-06 20:45:14,392 - src.controller.adaptateur_robot_irl - INFO - capteur distance: 293
2023-01-06 20:45:14,393 - src.controller.ai - INFO - distance parcourue 1.1138750000000002, distance 2
2023-01-06 20:45:14,435 - src.controller.adaptateur_robot_irl - INFO - capteur distance: 286
2023-01-06 20:45:14,436 - src.controller.ai - INFO - capteur distance :  286, condition :100
2023-01-06 20:45:14,478 - src.controller.adaptateur_robot_irl - INFO - capteur distance: 284
2023-01-06 20:45:14,479 - src.controller.ai - INFO - distance parcourue 1.1138750000000002, distance 2
2023-01-06 20:45:14,480 - src.controller.ai - INFO - distance parcourue 1.7123750000000002, distance 2
2023-01-06 20:45:14,523 - src.controller.adaptateur_robot_irl - INFO - capteur distance: 280
2023-01-06 20:45:14,524 - src.controller.ai - INFO - capteur distance :  280, condition :100
2023-01-06 20:45:14,570 - src.controller.adaptateur_robot_irl - INFO - capteur distance: 282
2023-01-06 20:45:14,570 - src.controller.ai - INFO - distance parcourue 1.7123750000000002, distance 2
2023-01-06 20:45:14,613 - src.controller.adaptateur_robot_irl - INFO - capteur distance: 277
2023-01-06 20:45:14,613 - src.controller.ai - INFO - capteur distance :  277, condition :100
2023-01-06 20:45:14,656 - src.controller.adaptateur_robot_irl - INFO - capteur distance: 276
2023-01-06 20:45:14,657 - src.controller.ai - INFO - distance parcourue 1.7123750000000002, distance 2
2023-01-06 20:45:14,658 - src.controller.ai - INFO - distance parcourue 2.3108750000000002, distance 2
2023-01-06 20:45:14,660 - src.controller.ai - INFO - Go strategy finished
2023-01-06 20:45:14,703 - src.controller.adaptateur_robot_irl - INFO - capteur distance: 272
2023-01-06 20:45:14,704 - src.controller.ai - INFO - capteur distance :  272, condition :100
2023-01-06 20:45:14,746 - src.controller.adaptateur_robot_irl - INFO - capteur distance: 273
2023-01-06 20:45:14,747 - src.controller.ai - INFO - distance parcourue 2.3108750000000002, distance 2
2023-01-06 20:45:14,748 - src.controller.ai - INFO - Starting Go strategy
2023-01-06 20:45:14,791 - src.controller.adaptateur_robot_irl - INFO - capteur distance: 267
2023-01-06 20:45:14,792 - src.controller.ai - INFO - capteur distance :  267, condition :100
2023-01-06 20:45:14,835 - src.controller.adaptateur_robot_irl - INFO - capteur distance: 269
2023-01-06 20:45:14,836 - src.controller.ai - INFO - distance parcourue 0.0, distance 2
2023-01-06 20:45:14,837 - src.controller.ai - INFO - distance parcourue 0.133, distance 2
2023-01-06 20:45:14,880 - src.controller.adaptateur_robot_irl - INFO - capteur distance: 268
2023-01-06 20:45:14,881 - src.controller.ai - INFO - capteur distance :  268, condition :100
2023-01-06 20:45:14,930 - src.controller.adaptateur_robot_irl - INFO - capteur distance: 261
2023-01-06 20:45:14,931 - src.controller.ai - INFO - distance parcourue 0.133, distance 2
2023-01-06 20:45:14,976 - src.controller.adaptateur_robot_irl - INFO - capteur distance: 261
2023-01-06 20:45:14,977 - src.controller.ai - INFO - capteur distance :  261, condition :100
2023-01-06 20:45:15,019 - src.controller.adaptateur_robot_irl - INFO - capteur distance: 260
2023-01-06 20:45:15,020 - src.controller.ai - INFO - distance parcourue 0.133, distance 2
2023-01-06 20:45:15,021 - src.controller.ai - INFO - distance parcourue 0.76475, distance 2
2023-01-06 20:45:15,066 - src.controller.adaptateur_robot_irl - INFO - capteur distance: 254
2023-01-06 20:45:15,066 - src.controller.ai - INFO - capteur distance :  254, condition :100
2023-01-06 20:45:15,109 - src.controller.adaptateur_robot_irl - INFO - capteur distance: 255
2023-01-06 20:45:15,110 - src.controller.ai - INFO - distance parcourue 0.76475, distance 2
2023-01-06 20:45:15,152 - src.controller.adaptateur_robot_irl - INFO - capteur distance: 250
2023-01-06 20:45:15,153 - src.controller.ai - INFO - capteur distance :  250, condition :100
2023-01-06 20:45:15,195 - src.controller.adaptateur_robot_irl - INFO - capteur distance: 245
2023-01-06 20:45:15,196 - src.controller.ai - INFO - distance parcourue 0.76475, distance 2
2023-01-06 20:45:15,197 - src.controller.ai - INFO - distance parcourue 1.36325, distance 2
2023-01-06 20:45:15,241 - src.controller.adaptateur_robot_irl - INFO - capteur distance: 245
2023-01-06 20:45:15,242 - src.controller.ai - INFO - capteur distance :  245, condition :100
2023-01-06 20:45:15,284 - src.controller.adaptateur_robot_irl - INFO - capteur distance: 245
2023-01-06 20:45:15,285 - src.controller.ai - INFO - distance parcourue 1.36325, distance 2
2023-01-06 20:45:15,328 - src.controller.adaptateur_robot_irl - INFO - capteur distance: 240
2023-01-06 20:45:15,329 - src.controller.ai - INFO - capteur distance :  240, condition :100
2023-01-06 20:45:15,371 - src.controller.adaptateur_robot_irl - INFO - capteur distance: 240
2023-01-06 20:45:15,372 - src.controller.ai - INFO - distance parcourue 1.36325, distance 2
2023-01-06 20:45:15,373 - src.controller.ai - INFO - distance parcourue 1.9285, distance 2
2023-01-06 20:45:15,417 - src.controller.adaptateur_robot_irl - INFO - capteur distance: 236
2023-01-06 20:45:15,417 - src.controller.ai - INFO - capteur distance :  236, condition :100
2023-01-06 20:45:15,460 - src.controller.adaptateur_robot_irl - INFO - capteur distance: 228
2023-01-06 20:45:15,460 - src.controller.ai - INFO - distance parcourue 1.9285, distance 2
2023-01-06 20:45:15,503 - src.controller.adaptateur_robot_irl - INFO - capteur distance: 228
2023-01-06 20:45:15,503 - src.controller.ai - INFO - capteur distance :  228, condition :100
2023-01-06 20:45:15,553 - src.controller.adaptateur_robot_irl - INFO - capteur distance: 227
2023-01-06 20:45:15,553 - src.controller.ai - INFO - distance parcourue 1.9285, distance 2
2023-01-06 20:45:15,555 - src.controller.ai - INFO - distance parcourue 2.543625, distance 2
2023-01-06 20:45:15,556 - src.controller.ai - INFO - Go strategy finished
2023-01-06 20:45:15,602 - src.controller.adaptateur_robot_irl - INFO - capteur distance: 229
2023-01-06 20:45:15,602 - src.controller.ai - INFO - capteur distance :  229, condition :100
2023-01-06 20:45:15,645 - src.controller.adaptateur_robot_irl - INFO - capteur distance: 223
2023-01-06 20:45:15,645 - src.controller.ai - INFO - distance parcourue 2.543625, distance 2
2023-01-06 20:45:15,646 - src.controller.ai - INFO - Starting Go strategy
2023-01-06 20:45:15,691 - src.controller.adaptateur_robot_irl - INFO - capteur distance: 225
2023-01-06 20:45:15,691 - src.controller.ai - INFO - capteur distance :  225, condition :100
2023-01-06 20:45:15,733 - src.controller.adaptateur_robot_irl - INFO - capteur distance: 218
2023-01-06 20:45:15,734 - src.controller.ai - INFO - distance parcourue 0.0, distance 2
2023-01-06 20:45:15,735 - src.controller.ai - INFO - distance parcourue 0.16625, distance 2
2023-01-06 20:45:15,779 - src.controller.adaptateur_robot_irl - INFO - capteur distance: 219
2023-01-06 20:45:15,780 - src.controller.ai - INFO - capteur distance :  219, condition :100
2023-01-06 20:45:15,822 - src.controller.adaptateur_robot_irl - INFO - capteur distance: 211
2023-01-06 20:45:15,823 - src.controller.ai - INFO - distance parcourue 0.16625, distance 2
2023-01-06 20:45:15,865 - src.controller.adaptateur_robot_irl - INFO - capteur distance: 210
2023-01-06 20:45:15,866 - src.controller.ai - INFO - capteur distance :  210, condition :100
2023-01-06 20:45:15,909 - src.controller.adaptateur_robot_irl - INFO - capteur distance: 212
2023-01-06 20:45:15,909 - src.controller.ai - INFO - distance parcourue 0.16625, distance 2
2023-01-06 20:45:15,911 - src.controller.ai - INFO - distance parcourue 0.76475, distance 2
2023-01-06 20:45:15,954 - src.controller.adaptateur_robot_irl - INFO - capteur distance: 209
2023-01-06 20:45:15,955 - src.controller.ai - INFO - capteur distance :  209, condition :100
2023-01-06 20:45:15,997 - src.controller.adaptateur_robot_irl - INFO - capteur distance: 205
2023-01-06 20:45:15,998 - src.controller.ai - INFO - distance parcourue 0.76475, distance 2
2023-01-06 20:45:16,041 - src.controller.adaptateur_robot_irl - INFO - capteur distance: 204
2023-01-06 20:45:16,041 - src.controller.ai - INFO - capteur distance :  204, condition :100
2023-01-06 20:45:16,083 - src.controller.adaptateur_robot_irl - INFO - capteur distance: 201
2023-01-06 20:45:16,084 - src.controller.ai - INFO - distance parcourue 0.76475, distance 2
2023-01-06 20:45:16,085 - src.controller.ai - INFO - distance parcourue 1.33, distance 2
2023-01-06 20:45:16,129 - src.controller.adaptateur_robot_irl - INFO - capteur distance: 194
2023-01-06 20:45:16,129 - src.controller.ai - INFO - capteur distance :  194, condition :100
2023-01-06 20:45:16,179 - src.controller.adaptateur_robot_irl - INFO - capteur distance: 190
2023-01-06 20:45:16,180 - src.controller.ai - INFO - distance parcourue 1.33, distance 2
2023-01-06 20:45:16,224 - src.controller.adaptateur_robot_irl - INFO - capteur distance: 189
2023-01-06 20:45:16,225 - src.controller.ai - INFO - capteur distance :  189, condition :100
2023-01-06 20:45:16,267 - src.controller.adaptateur_robot_irl - INFO - capteur distance: 184
2023-01-06 20:45:16,268 - src.controller.ai - INFO - distance parcourue 1.33, distance 2
2023-01-06 20:45:16,269 - src.controller.ai - INFO - distance parcourue 1.9285, distance 2
2023-01-06 20:45:16,313 - src.controller.adaptateur_robot_irl - INFO - capteur distance: 186
2023-01-06 20:45:16,314 - src.controller.ai - INFO - capteur distance :  186, condition :100
2023-01-06 20:45:16,357 - src.controller.adaptateur_robot_irl - INFO - capteur distance: 180
2023-01-06 20:45:16,357 - src.controller.ai - INFO - distance parcourue 1.9285, distance 2
2023-01-06 20:45:16,400 - src.controller.adaptateur_robot_irl - INFO - capteur distance: 178
2023-01-06 20:45:16,400 - src.controller.ai - INFO - capteur distance :  178, condition :100
2023-01-06 20:45:16,443 - src.controller.adaptateur_robot_irl - INFO - capteur distance: 177
2023-01-06 20:45:16,444 - src.controller.ai - INFO - distance parcourue 1.9285, distance 2
2023-01-06 20:45:16,445 - src.controller.ai - INFO - distance parcourue 2.527, distance 2
2023-01-06 20:45:16,447 - src.controller.ai - INFO - Go strategy finished
2023-01-06 20:45:16,490 - src.controller.adaptateur_robot_irl - INFO - capteur distance: 170
2023-01-06 20:45:16,491 - src.controller.ai - INFO - capteur distance :  170, condition :100
2023-01-06 20:45:16,533 - src.controller.adaptateur_robot_irl - INFO - capteur distance: 172
2023-01-06 20:45:16,534 - src.controller.ai - INFO - distance parcourue 2.527, distance 2
2023-01-06 20:45:16,534 - src.controller.ai - INFO - Starting Go strategy
2023-01-06 20:45:16,578 - src.controller.adaptateur_robot_irl - INFO - capteur distance: 173
2023-01-06 20:45:16,579 - src.controller.ai - INFO - capteur distance :  173, condition :100
2023-01-06 20:45:16,621 - src.controller.adaptateur_robot_irl - INFO - capteur distance: 171
2023-01-06 20:45:16,622 - src.controller.ai - INFO - distance parcourue 0.0, distance 2
2023-01-06 20:45:16,623 - src.controller.ai - INFO - distance parcourue 0.133, distance 2
2023-01-06 20:45:16,667 - src.controller.adaptateur_robot_irl - INFO - capteur distance: 171
2023-01-06 20:45:16,668 - src.controller.ai - INFO - capteur distance :  171, condition :100
2023-01-06 20:45:16,711 - src.controller.adaptateur_robot_irl - INFO - capteur distance: 167
2023-01-06 20:45:16,711 - src.controller.ai - INFO - distance parcourue 0.133, distance 2
2023-01-06 20:45:16,754 - src.controller.adaptateur_robot_irl - INFO - capteur distance: 162
2023-01-06 20:45:16,754 - src.controller.ai - INFO - capteur distance :  162, condition :100
2023-01-06 20:45:16,805 - src.controller.adaptateur_robot_irl - INFO - capteur distance: 159
2023-01-06 20:45:16,806 - src.controller.ai - INFO - distance parcourue 0.133, distance 2
2023-01-06 20:45:16,807 - src.controller.ai - INFO - distance parcourue 0.76475, distance 2
2023-01-06 20:45:16,852 - src.controller.adaptateur_robot_irl - INFO - capteur distance: 159
2023-01-06 20:45:16,853 - src.controller.ai - INFO - capteur distance :  159, condition :100
2023-01-06 20:45:16,895 - src.controller.adaptateur_robot_irl - INFO - capteur distance: 154
2023-01-06 20:45:16,896 - src.controller.ai - INFO - distance parcourue 0.76475, distance 2
2023-01-06 20:45:16,939 - src.controller.adaptateur_robot_irl - INFO - capteur distance: 149
2023-01-06 20:45:16,940 - src.controller.ai - INFO - capteur distance :  149, condition :100
2023-01-06 20:45:16,982 - src.controller.adaptateur_robot_irl - INFO - capteur distance: 149
2023-01-06 20:45:16,983 - src.controller.ai - INFO - distance parcourue 0.76475, distance 2
2023-01-06 20:45:16,984 - src.controller.ai - INFO - distance parcourue 1.36325, distance 2
2023-01-06 20:45:17,028 - src.controller.adaptateur_robot_irl - INFO - capteur distance: 145
2023-01-06 20:45:17,029 - src.controller.ai - INFO - capteur distance :  145, condition :100
2023-01-06 20:45:17,071 - src.controller.adaptateur_robot_irl - INFO - capteur distance: 141
2023-01-06 20:45:17,072 - src.controller.ai - INFO - distance parcourue 1.36325, distance 2
2023-01-06 20:45:17,115 - src.controller.adaptateur_robot_irl - INFO - capteur distance: 137
2023-01-06 20:45:17,115 - src.controller.ai - INFO - capteur distance :  137, condition :100
2023-01-06 20:45:17,158 - src.controller.adaptateur_robot_irl - INFO - capteur distance: 139
2023-01-06 20:45:17,159 - src.controller.ai - INFO - distance parcourue 1.36325, distance 2
2023-01-06 20:45:17,160 - src.controller.ai - INFO - distance parcourue 1.9285, distance 2
2023-01-06 20:45:17,204 - src.controller.adaptateur_robot_irl - INFO - capteur distance: 134
2023-01-06 20:45:17,204 - src.controller.ai - INFO - capteur distance :  134, condition :100
2023-01-06 20:45:17,247 - src.controller.adaptateur_robot_irl - INFO - capteur distance: 130
2023-01-06 20:45:17,247 - src.controller.ai - INFO - distance parcourue 1.9285, distance 2
2023-01-06 20:45:17,289 - src.controller.adaptateur_robot_irl - INFO - capteur distance: 129
2023-01-06 20:45:17,290 - src.controller.ai - INFO - capteur distance :  129, condition :100
2023-01-06 20:45:17,333 - src.controller.adaptateur_robot_irl - INFO - capteur distance: 124
2023-01-06 20:45:17,333 - src.controller.ai - INFO - distance parcourue 1.9285, distance 2
2023-01-06 20:45:17,335 - src.controller.ai - INFO - distance parcourue 2.527, distance 2
2023-01-06 20:45:17,336 - src.controller.ai - INFO - Go strategy finished
2023-01-06 20:45:17,380 - src.controller.adaptateur_robot_irl - INFO - capteur distance: 123
2023-01-06 20:45:17,380 - src.controller.ai - INFO - capteur distance :  123, condition :100
2023-01-06 20:45:17,430 - src.controller.adaptateur_robot_irl - INFO - capteur distance: 121
2023-01-06 20:45:17,432 - src.controller.ai - INFO - distance parcourue 2.527, distance 2
2023-01-06 20:45:17,433 - src.controller.ai - INFO - Starting Go strategy
2023-01-06 20:45:17,478 - src.controller.adaptateur_robot_irl - INFO - capteur distance: 123
2023-01-06 20:45:17,479 - src.controller.ai - INFO - capteur distance :  123, condition :100
2023-01-06 20:45:17,521 - src.controller.adaptateur_robot_irl - INFO - capteur distance: 122
2023-01-06 20:45:17,522 - src.controller.ai - INFO - distance parcourue 0.0, distance 2
2023-01-06 20:45:17,523 - src.controller.ai - INFO - distance parcourue 0.133, distance 2
2023-01-06 20:45:17,566 - src.controller.adaptateur_robot_irl - INFO - capteur distance: 120
2023-01-06 20:45:17,567 - src.controller.ai - INFO - capteur distance :  120, condition :100
2023-01-06 20:45:17,610 - src.controller.adaptateur_robot_irl - INFO - capteur distance: 117
2023-01-06 20:45:17,610 - src.controller.ai - INFO - distance parcourue 0.133, distance 2
2023-01-06 20:45:17,653 - src.controller.adaptateur_robot_irl - INFO - capteur distance: 113
2023-01-06 20:45:17,653 - src.controller.ai - INFO - capteur distance :  113, condition :100
2023-01-06 20:45:17,696 - src.controller.adaptateur_robot_irl - INFO - capteur distance: 110
2023-01-06 20:45:17,697 - src.controller.ai - INFO - distance parcourue 0.133, distance 2
2023-01-06 20:45:17,698 - src.controller.ai - INFO - distance parcourue 0.748125, distance 2
2023-01-06 20:45:17,741 - src.controller.adaptateur_robot_irl - INFO - capteur distance: 105
2023-01-06 20:45:17,742 - src.controller.ai - INFO - capteur distance :  105, condition :100
2023-01-06 20:45:17,784 - src.controller.adaptateur_robot_irl - INFO - capteur distance: 103
2023-01-06 20:45:17,785 - src.controller.ai - INFO - distance parcourue 0.748125, distance 2
2023-01-06 20:45:17,827 - src.controller.adaptateur_robot_irl - INFO - capteur distance: 100
2023-01-06 20:45:17,828 - src.controller.ai - INFO - capteur distance :  100, condition :100
2023-01-06 20:45:17,871 - src.controller.adaptateur_robot_irl - INFO - capteur distance: 97
2023-01-06 20:45:17,871 - src.controller.ai - INFO - STOP !!! 
2023-01-06 20:45:17,915 - src.controller.adaptateur_robot_irl - INFO - capteur distance: 95
2023-01-06 20:45:17,916 - src.controller.ai - INFO - capteur distance :  95, condition :100
2023-01-06 20:45:17,959 - src.controller.adaptateur_robot_irl - INFO - capteur distance: 92
2023-01-06 20:45:17,959 - src.controller.ai - INFO - STOP !!! 
2023-01-06 20:45:18,003 - src.controller.adaptateur_robot_irl - INFO - capteur distance: 96
2023-01-06 20:45:18,003 - src.controller.ai - INFO - capteur distance :  96, condition :100
2023-01-06 20:45:18,054 - src.controller.adaptateur_robot_irl - INFO - capteur distance: 94
2023-01-06 20:45:18,055 - src.controller.ai - INFO - STOP !!! 
2023-01-06 20:45:18,102 - src.controller.adaptateur_robot_irl - INFO - capteur distance: 95
2023-01-06 20:45:18,104 - src.controller.ai - INFO - capteur distance :  95, condition :100
2023-01-06 20:45:18,148 - src.controller.adaptateur_robot_irl - INFO - capteur distance: 94
2023-01-06 20:45:18,149 - src.controller.ai - INFO - STOP !!! 
2023-01-06 20:45:18,193 - src.controller.adaptateur_robot_irl - INFO - capteur distance: 96
2023-01-06 20:45:18,195 - src.controller.ai - INFO - capteur distance :  96, condition :100
2023-01-06 20:45:18,238 - src.controller.adaptateur_robot_irl - INFO - capteur distance: 92
2023-01-06 20:45:18,239 - src.controller.ai - INFO - STOP !!! 
2023-01-06 20:45:18,283 - src.controller.adaptateur_robot_irl - INFO - capteur distance: 95
2023-01-06 20:45:18,284 - src.controller.ai - INFO - capteur distance :  95, condition :100
2023-01-06 20:45:18,327 - src.controller.adaptateur_robot_irl - INFO - capteur distance: 98
2023-01-06 20:45:18,328 - src.controller.ai - INFO - STOP !!! 
2023-01-06 20:45:18,372 - src.controller.adaptateur_robot_irl - INFO - capteur distance: 95
2023-01-06 20:45:18,374 - src.controller.ai - INFO - capteur distance :  95, condition :100
2023-01-06 20:45:18,416 - src.controller.adaptateur_robot_irl - INFO - capteur distance: 95
2023-01-06 20:45:18,418 - src.controller.ai - INFO - STOP !!! 
2023-01-06 20:45:18,462 - src.controller.adaptateur_robot_irl - INFO - capteur distance: 96
2023-01-06 20:45:18,463 - src.controller.ai - INFO - capteur distance :  96, condition :100
2023-01-06 20:45:18,506 - src.controller.adaptateur_robot_irl - INFO - capteur distance: 97
2023-01-06 20:45:18,514 - src.controller.ai - INFO - STOP !!! 
2023-01-06 20:45:18,561 - src.controller.adaptateur_robot_irl - INFO - capteur distance: 97
2023-01-06 20:45:18,563 - src.controller.ai - INFO - capteur distance :  97, condition :100
2023-01-06 20:45:18,606 - src.controller.adaptateur_robot_irl - INFO - capteur distance: 93
2023-01-06 20:45:18,608 - src.controller.ai - INFO - STOP !!! 
2023-01-06 20:45:18,653 - src.controller.adaptateur_robot_irl - INFO - capteur distance: 93
2023-01-06 20:45:18,654 - src.controller.ai - INFO - capteur distance :  93, condition :100
2023-01-06 20:45:18,698 - src.controller.adaptateur_robot_irl - INFO - capteur distance: 95
2023-01-06 20:45:18,699 - src.controller.ai - INFO - STOP !!! 
2023-01-06 20:45:18,743 - src.controller.adaptateur_robot_irl - INFO - capteur distance: 96
2023-01-06 20:45:18,745 - src.controller.ai - INFO - capteur distance :  96, condition :100
2023-01-06 20:45:18,788 - src.controller.adaptateur_robot_irl - INFO - capteur distance: 96
2023-01-06 20:45:18,790 - src.controller.ai - INFO - STOP !!! 
2023-01-06 20:45:18,834 - src.controller.adaptateur_robot_irl - INFO - capteur distance: 94
2023-01-06 20:45:18,835 - src.controller.ai - INFO - capteur distance :  94, condition :100
2023-01-06 20:45:18,878 - src.controller.adaptateur_robot_irl - INFO - capteur distance: 98
2023-01-06 20:45:18,880 - src.controller.ai - INFO - STOP !!! 
2023-01-06 20:45:18,931 - src.controller.adaptateur_robot_irl - INFO - capteur distance: 93
2023-01-06 20:45:18,934 - src.controller.ai - INFO - capteur distance :  93, condition :100
2023-01-06 20:45:18,978 - src.controller.adaptateur_robot_irl - INFO - capteur distance: 94
2023-01-06 20:45:18,979 - src.controller.ai - INFO - STOP !!! 
2023-01-06 20:45:19,023 - src.controller.adaptateur_robot_irl - INFO - capteur distance: 94
2023-01-06 20:45:19,024 - src.controller.ai - INFO - capteur distance :  94, condition :100
2023-01-06 20:45:19,067 - src.controller.adaptateur_robot_irl - INFO - capteur distance: 95
2023-01-06 20:45:19,069 - src.controller.ai - INFO - STOP !!! 
2023-01-06 20:45:19,113 - src.controller.adaptateur_robot_irl - INFO - capteur distance: 95
2023-01-06 20:45:19,114 - src.controller.ai - INFO - capteur distance :  95, condition :100
2023-01-06 20:45:19,157 - src.controller.adaptateur_robot_irl - INFO - capteur distance: 92
2023-01-06 20:45:19,159 - src.controller.ai - INFO - STOP !!! 
2023-01-06 20:45:19,203 - src.controller.adaptateur_robot_irl - INFO - capteur distance: 98
2023-01-06 20:45:19,204 - src.controller.ai - INFO - capteur distance :  98, condition :100
2023-01-06 20:45:19,248 - src.controller.adaptateur_robot_irl - INFO - capteur distance: 95
2023-01-06 20:45:19,249 - src.controller.ai - INFO - STOP !!! 
2023-01-06 20:45:19,293 - src.controller.adaptateur_robot_irl - INFO - capteur distance: 95
2023-01-06 20:45:19,295 - src.controller.ai - INFO - capteur distance :  95, condition :100
2023-01-06 20:45:19,338 - src.controller.adaptateur_robot_irl - INFO - capteur distance: 97
2023-01-06 20:45:19,339 - src.controller.ai - INFO - STOP !!! 
2023-01-06 20:45:19,390 - src.controller.adaptateur_robot_irl - INFO - capteur distance: 96
2023-01-06 20:45:19,392 - src.controller.ai - INFO - capteur distance :  96, condition :100
2023-01-06 20:45:19,436 - src.controller.adaptateur_robot_irl - INFO - capteur distance: 93
2023-01-06 20:45:19,437 - src.controller.ai - INFO - STOP !!! 
2023-01-06 20:45:19,481 - src.controller.adaptateur_robot_irl - INFO - capteur distance: 100
2023-01-06 20:45:19,482 - src.controller.ai - INFO - capteur distance :  100, condition :100
2023-01-06 20:45:19,524 - src.controller.adaptateur_robot_irl - INFO - capteur distance: 94
2023-01-06 20:45:19,526 - src.controller.ai - INFO - STOP !!! 
2023-01-06 20:45:19,570 - src.controller.adaptateur_robot_irl - INFO - capteur distance: 93
2023-01-06 20:45:19,571 - src.controller.ai - INFO - capteur distance :  93, condition :100
2023-01-06 20:45:19,614 - src.controller.adaptateur_robot_irl - INFO - capteur distance: 95
2023-01-06 20:45:19,615 - src.controller.ai - INFO - STOP !!! 
2023-01-06 20:45:19,659 - src.controller.adaptateur_robot_irl - INFO - capteur distance: 95
2023-01-06 20:45:19,660 - src.controller.ai - INFO - capteur distance :  95, condition :100
2023-01-06 20:45:19,702 - src.controller.adaptateur_robot_irl - INFO - capteur distance: 96
2023-01-06 20:45:19,703 - src.controller.ai - INFO - STOP !!! 
2023-01-06 20:45:19,747 - src.controller.adaptateur_robot_irl - INFO - capteur distance: 97
2023-01-06 20:45:19,748 - src.controller.ai - INFO - capteur distance :  97, condition :100
2023-01-06 20:45:19,791 - src.controller.adaptateur_robot_irl - INFO - capteur distance: 95
2023-01-06 20:45:19,792 - src.controller.ai - INFO - STOP !!! 
2023-01-06 20:45:19,836 - src.controller.adaptateur_robot_irl - INFO - capteur distance: 94
2023-01-06 20:45:19,837 - src.controller.ai - INFO - capteur distance :  94, condition :100
2023-01-06 20:45:19,880 - src.controller.adaptateur_robot_irl - INFO - capteur distance: 94
2023-01-06 20:45:19,881 - src.controller.ai - INFO - STOP !!! 
2023-01-06 20:45:19,932 - src.controller.adaptateur_robot_irl - INFO - capteur distance: 93
2023-01-06 20:45:19,933 - src.controller.ai - INFO - capteur distance :  93, condition :100
2023-01-06 20:45:19,976 - src.controller.adaptateur_robot_irl - INFO - capteur distance: 95
2023-01-06 20:45:19,977 - src.controller.ai - INFO - STOP !!! 
2023-01-06 20:45:20,020 - src.controller.adaptateur_robot_irl - INFO - capteur distance: 93
2023-01-06 20:45:20,021 - src.controller.ai - INFO - capteur distance :  93, condition :100
2023-01-06 20:45:20,063 - src.controller.adaptateur_robot_irl - INFO - capteur distance: 92
2023-01-06 20:45:20,064 - src.controller.ai - INFO - STOP !!! 
2023-01-06 20:45:20,108 - src.controller.adaptateur_robot_irl - INFO - capteur distance: 93
2023-01-06 20:45:20,109 - src.controller.ai - INFO - capteur distance :  93, condition :100
2023-01-06 20:45:20,151 - src.controller.adaptateur_robot_irl - INFO - capteur distance: 97
2023-01-06 20:45:20,152 - src.controller.ai - INFO - STOP !!! 
2023-01-06 20:45:20,195 - src.controller.adaptateur_robot_irl - INFO - capteur distance: 94
2023-01-06 20:45:20,196 - src.controller.ai - INFO - capteur distance :  94, condition :100
2023-01-06 20:45:20,239 - src.controller.adaptateur_robot_irl - INFO - capteur distance: 94
2023-01-06 20:45:20,239 - src.controller.ai - INFO - STOP !!! 
2023-01-06 20:45:20,283 - src.controller.adaptateur_robot_irl - INFO - capteur distance: 93
2023-01-06 20:45:20,283 - src.controller.ai - INFO - capteur distance :  93, condition :100
2023-01-06 20:45:20,326 - src.controller.adaptateur_robot_irl - INFO - capteur distance: 96
2023-01-06 20:45:20,327 - src.controller.ai - INFO - STOP !!! 
2023-01-06 20:45:20,370 - src.controller.adaptateur_robot_irl - INFO - capteur distance: 97
2023-01-06 20:45:20,371 - src.controller.ai - INFO - capteur distance :  97, condition :100
2023-01-06 20:45:20,413 - src.controller.adaptateur_robot_irl - INFO - capteur distance: 94
2023-01-06 20:45:20,414 - src.controller.ai - INFO - STOP !!! 
2023-01-06 20:45:20,458 - src.controller.adaptateur_robot_irl - INFO - capteur distance: 98
2023-01-06 20:45:20,458 - src.controller.ai - INFO - capteur distance :  98, condition :100
2023-01-06 20:45:20,501 - src.controller.adaptateur_robot_irl - INFO - capteur distance: 94
2023-01-06 20:45:20,502 - src.controller.ai - INFO - STOP !!! 
2023-01-06 20:45:20,552 - src.controller.adaptateur_robot_irl - INFO - capteur distance: 96
2023-01-06 20:45:20,553 - src.controller.ai - INFO - capteur distance :  96, condition :100
2023-01-06 20:45:20,597 - src.controller.adaptateur_robot_irl - INFO - capteur distance: 94
2023-01-06 20:45:20,597 - src.controller.ai - INFO - STOP !!! 
2023-01-06 20:45:20,642 - src.controller.adaptateur_robot_irl - INFO - capteur distance: 95
2023-01-06 20:45:20,643 - src.controller.ai - INFO - capteur distance :  95, condition :100
2023-01-06 20:45:20,685 - src.controller.adaptateur_robot_irl - INFO - capteur distance: 96
2023-01-06 20:45:20,686 - src.controller.ai - INFO - STOP !!! 
2023-01-06 20:45:20,730 - src.controller.adaptateur_robot_irl - INFO - capteur distance: 94
2023-01-06 20:45:20,730 - src.controller.ai - INFO - capteur distance :  94, condition :100
2023-01-06 20:45:20,773 - src.controller.adaptateur_robot_irl - INFO - capteur distance: 98
2023-01-06 20:45:20,773 - src.controller.ai - INFO - STOP !!! 
2023-01-06 20:45:20,817 - src.controller.adaptateur_robot_irl - INFO - capteur distance: 96
2023-01-06 20:45:20,818 - src.controller.ai - INFO - capteur distance :  96, condition :100
2023-01-06 20:45:20,860 - src.controller.adaptateur_robot_irl - INFO - capteur distance: 97
2023-01-06 20:45:20,861 - src.controller.ai - INFO - STOP !!! 
2023-01-06 20:45:20,905 - src.controller.adaptateur_robot_irl - INFO - capteur distance: 95
2023-01-06 20:45:20,905 - src.controller.ai - INFO - capteur distance :  95, condition :100
2023-01-06 20:45:20,947 - src.controller.adaptateur_robot_irl - INFO - capteur distance: 95
2023-01-06 20:45:20,948 - src.controller.ai - INFO - STOP !!! 
2023-01-06 20:45:20,992 - src.controller.adaptateur_robot_irl - INFO - capteur distance: 91
2023-01-06 20:45:20,992 - src.controller.ai - INFO - capteur distance :  91, condition :100
2023-01-06 20:45:21,034 - src.controller.adaptateur_robot_irl - INFO - capteur distance: 94
2023-01-06 20:45:21,035 - src.controller.ai - INFO - STOP !!! 
2023-01-06 20:45:21,079 - src.controller.adaptateur_robot_irl - INFO - capteur distance: 97
2023-01-06 20:45:21,080 - src.controller.ai - INFO - capteur distance :  97, condition :100
2023-01-06 20:45:21,122 - src.controller.adaptateur_robot_irl - INFO - capteur distance: 93
2023-01-06 20:45:21,123 - src.controller.ai - INFO - STOP !!! 
2023-01-06 20:45:21,166 - src.controller.adaptateur_robot_irl - INFO - capteur distance: 92
2023-01-06 20:45:21,167 - src.controller.ai - INFO - capteur distance :  92, condition :100
2023-01-06 20:45:21,210 - src.controller.adaptateur_robot_irl - INFO - capteur distance: 92
2023-01-06 20:45:21,211 - src.controller.ai - INFO - STOP !!! 
2023-01-06 20:45:21,254 - src.controller.adaptateur_robot_irl - INFO - capteur distance: 94
2023-01-06 20:45:21,255 - src.controller.ai - INFO - capteur distance :  94, condition :100
2023-01-06 20:45:21,304 - src.controller.adaptateur_robot_irl - INFO - capteur distance: 97
2023-01-06 20:45:21,305 - src.controller.ai - INFO - STOP !!! 
2023-01-06 20:45:21,351 - src.controller.adaptateur_robot_irl - INFO - capteur distance: 96
2023-01-06 20:45:21,351 - src.controller.ai - INFO - capteur distance :  96, condition :100
