2023-01-06 20:46:26,502 - src.controller.ai - INFO - Starting while strategy
2023-01-06 20:46:26,514 - src.controller.ai - INFO - Starting Go strategy
2023-01-06 20:46:26,577 - src.controller.adaptateur_robot_irl - INFO - capteur distance: 365
2023-01-06 20:46:26,578 - src.controller.ai - INFO - capteur distance :  365, condition :100
2023-01-06 20:46:26,621 - src.controller.adaptateur_robot_irl - INFO - capteur distance: 360
2023-01-06 20:46:26,623 - src.controller.ai - INFO - distance parcourue 0.0, distance 2
2023-01-06 20:46:26,670 - src.controller.adaptateur_robot_irl - INFO - capteur distance: 353
2023-01-06 20:46:26,671 - src.controller.ai - INFO - capteur distance :  353, condition :100
2023-01-06 20:46:26,724 - src.controller.adaptateur_robot_irl - INFO - capteur distance: 351
2023-01-06 20:46:26,725 - src.controller.ai - INFO - distance parcourue 0.0, distance 2
2023-01-06 20:46:26,726 - src.controller.ai - INFO - distance parcourue 0.56525, distance 2
2023-01-06 20:46:26,773 - src.controller.adaptateur_robot_irl - INFO - capteur distance: 351
2023-01-06 20:46:26,774 - src.controller.ai - INFO - capteur distance :  351, condition :100
2023-01-06 20:46:26,823 - src.controller.adaptateur_robot_irl - INFO - capteur distance: 348
2023-01-06 20:46:26,824 - src.controller.ai - INFO - distance parcourue 0.56525, distance 2
2023-01-06 20:46:26,869 - src.controller.adaptateur_robot_irl - INFO - capteur distance: 345
2023-01-06 20:46:26,870 - src.controller.ai - INFO - capteur distance :  345, condition :100
2023-01-06 20:46:26,914 - src.controller.adaptateur_robot_irl - INFO - capteur distance: 341
2023-01-06 20:46:26,915 - src.controller.ai - INFO - distance parcourue 0.56525, distance 2
2023-01-06 20:46:26,916 - src.controller.ai - INFO - distance parcourue 1.197, distance 2
2023-01-06 20:46:26,963 - src.controller.adaptateur_robot_irl - INFO - capteur distance: 339
2023-01-06 20:46:26,964 - src.controller.ai - INFO - capteur distance :  339, condition :100
2023-01-06 20:46:27,008 - src.controller.adaptateur_robot_irl - INFO - capteur distance: 336
2023-01-06 20:46:27,009 - src.controller.ai - INFO - distance parcourue 1.197, distance 2
2023-01-06 20:46:27,051 - src.controller.adaptateur_robot_irl - INFO - capteur distance: 328
2023-01-06 20:46:27,052 - src.controller.ai - INFO - capteur distance :  328, condition :100
2023-01-06 20:46:27,094 - src.controller.adaptateur_robot_irl - INFO - capteur distance: 330
2023-01-06 20:46:27,095 - src.controller.ai - INFO - distance parcourue 1.197, distance 2
2023-01-06 20:46:27,096 - src.controller.ai - INFO - distance parcourue 1.7788750000000002, distance 2
2023-01-06 20:46:27,140 - src.controller.adaptateur_robot_irl - INFO - capteur distance: 330
2023-01-06 20:46:27,141 - src.controller.ai - INFO - capteur distance :  330, condition :100
2023-01-06 20:46:27,183 - src.controller.adaptateur_robot_irl - INFO - capteur distance: 323
2023-01-06 20:46:27,184 - src.controller.ai - INFO - distance parcourue 1.7788750000000002, distance 2
2023-01-06 20:46:27,226 - src.controller.adaptateur_robot_irl - INFO - capteur distance: 320
2023-01-06 20:46:27,227 - src.controller.ai - INFO - capteur distance :  320, condition :100
2023-01-06 20:46:27,269 - src.controller.adaptateur_robot_irl - INFO - capteur distance: 320
2023-01-06 20:46:27,270 - src.controller.ai - INFO - distance parcourue 1.7788750000000002, distance 2
2023-01-06 20:46:27,272 - src.controller.ai - INFO - distance parcourue 2.3607500000000003, distance 2
2023-01-06 20:46:27,273 - src.controller.ai - INFO - Go strategy finished
2023-01-06 20:46:27,317 - src.controller.adaptateur_robot_irl - INFO - capteur distance: 320
2023-01-06 20:46:27,324 - src.controller.ai - INFO - capteur distance :  320, condition :100
2023-01-06 20:46:27,368 - src.controller.adaptateur_robot_irl - INFO - capteur distance: 315
2023-01-06 20:46:27,370 - src.controller.ai - INFO - distance parcourue 2.3607500000000003, distance 2
2023-01-06 20:46:27,370 - src.controller.ai - INFO - Starting Go strategy
2023-01-06 20:46:27,416 - src.controller.adaptateur_robot_irl - INFO - capteur distance: 319
2023-01-06 20:46:27,417 - src.controller.ai - INFO - capteur distance :  319, condition :100
2023-01-06 20:46:27,460 - src.controller.adaptateur_robot_irl - INFO - capteur distance: 316
2023-01-06 20:46:27,461 - src.controller.ai - INFO - distance parcourue 0.0, distance 2
2023-01-06 20:46:27,463 - src.controller.ai - INFO - distance parcourue 0.133, distance 2
2023-01-06 20:46:27,507 - src.controller.adaptateur_robot_irl - INFO - capteur distance: 313
2023-01-06 20:46:27,508 - src.controller.ai - INFO - capteur distance :  313, condition :100
2023-01-06 20:46:27,551 - src.controller.adaptateur_robot_irl - INFO - capteur distance: 307
2023-01-06 20:46:27,552 - src.controller.ai - INFO - distance parcourue 0.133, distance 2
2023-01-06 20:46:27,595 - src.controller.adaptateur_robot_irl - INFO - capteur distance: 311
2023-01-06 20:46:27,597 - src.controller.ai - INFO - capteur distance :  311, condition :100
2023-01-06 20:46:27,639 - src.controller.adaptateur_robot_irl - INFO - capteur distance: 304
2023-01-06 20:46:27,641 - src.controller.ai - INFO - distance parcourue 0.133, distance 2
2023-01-06 20:46:27,642 - src.controller.ai - INFO - distance parcourue 0.76475, distance 2
2023-01-06 20:46:27,686 - src.controller.adaptateur_robot_irl - INFO - capteur distance: 297
2023-01-06 20:46:27,687 - src.controller.ai - INFO - capteur distance :  297, condition :100
2023-01-06 20:46:27,737 - src.controller.adaptateur_robot_irl - INFO - capteur distance: 297
2023-01-06 20:46:27,738 - src.controller.ai - INFO - distance parcourue 0.76475, distance 2
2023-01-06 20:46:27,783 - src.controller.adaptateur_robot_irl - INFO - capteur distance: 297
2023-01-06 20:46:27,784 - src.controller.ai - INFO - capteur distance :  297, condition :100
2023-01-06 20:46:27,827 - src.controller.adaptateur_robot_irl - INFO - capteur distance: 293
2023-01-06 20:46:27,828 - src.controller.ai - INFO - distance parcourue 0.76475, distance 2
2023-01-06 20:46:27,830 - src.controller.ai - INFO - distance parcourue 1.3965, distance 2
2023-01-06 20:46:27,875 - src.controller.adaptateur_robot_irl - INFO - capteur distance: 290
2023-01-06 20:46:27,876 - src.controller.ai - INFO - capteur distance :  290, condition :100
2023-01-06 20:46:27,919 - src.controller.adaptateur_robot_irl - INFO - capteur distance: 284
2023-01-06 20:46:27,920 - src.controller.ai - INFO - distance parcourue 1.3965, distance 2
2023-01-06 20:46:27,963 - src.controller.adaptateur_robot_irl - INFO - capteur distance: 290
2023-01-06 20:46:27,964 - src.controller.ai - INFO - capteur distance :  290, condition :100
2023-01-06 20:46:28,007 - src.controller.adaptateur_robot_irl - INFO - capteur distance: 283
2023-01-06 20:46:28,008 - src.controller.ai - INFO - distance parcourue 1.3965, distance 2
2023-01-06 20:46:28,010 - src.controller.ai - INFO - distance parcourue 1.995, distance 2
2023-01-06 20:46:28,054 - src.controller.adaptateur_robot_irl - INFO - capteur distance: 279
2023-01-06 20:46:28,056 - src.controller.ai - INFO - capteur distance :  279, condition :100
2023-01-06 20:46:28,099 - src.controller.adaptateur_robot_irl - INFO - capteur distance: 278
2023-01-06 20:46:28,100 - src.controller.ai - INFO - distance parcourue 1.995, distance 2
2023-01-06 20:46:28,143 - src.controller.adaptateur_robot_irl - INFO - capteur distance: 273
2023-01-06 20:46:28,144 - src.controller.ai - INFO - capteur distance :  273, condition :100
2023-01-06 20:46:28,187 - src.controller.adaptateur_robot_irl - INFO - capteur distance: 275
2023-01-06 20:46:28,188 - src.controller.ai - INFO - distance parcourue 1.995, distance 2
2023-01-06 20:46:28,190 - src.controller.ai - INFO - distance parcourue 2.5935, distance 2
2023-01-06 20:46:28,199 - src.controller.ai - INFO - Go strategy finished
2023-01-06 20:46:28,245 - src.controller.adaptateur_robot_irl - INFO - capteur distance: 271
2023-01-06 20:46:28,246 - src.controller.ai - INFO - capteur distance :  271, condition :100
2023-01-06 20:46:28,289 - src.controller.adaptateur_robot_irl - INFO - capteur distance: 265
2023-01-06 20:46:28,291 - src.controller.ai - INFO - distance parcourue 2.5935, distance 2
2023-01-06 20:46:28,292 - src.controller.ai - INFO - Starting Go strategy
2023-01-06 20:46:28,336 - src.controller.adaptateur_robot_irl - INFO - capteur distance: 270
2023-01-06 20:46:28,337 - src.controller.ai - INFO - capteur distance :  270, condition :100
2023-01-06 20:46:28,380 - src.controller.adaptateur_robot_irl - INFO - capteur distance: 267
2023-01-06 20:46:28,381 - src.controller.ai - INFO - distance parcourue 0.0, distance 2
2023-01-06 20:46:28,382 - src.controller.ai - INFO - distance parcourue 0.149625, distance 2
2023-01-06 20:46:28,426 - src.controller.adaptateur_robot_irl - INFO - capteur distance: 264
2023-01-06 20:46:28,428 - src.controller.ai - INFO - capteur distance :  264, condition :100
2023-01-06 20:46:28,470 - src.controller.adaptateur_robot_irl - INFO - capteur distance: 264
2023-01-06 20:46:28,472 - src.controller.ai - INFO - distance parcourue 0.149625, distance 2
2023-01-06 20:46:28,514 - src.controller.adaptateur_robot_irl - INFO - capteur distance: 257
2023-01-06 20:46:28,516 - src.controller.ai - INFO - capteur distance :  257, condition :100
2023-01-06 20:46:28,558 - src.controller.adaptateur_robot_irl - INFO - capteur distance: 258
2023-01-06 20:46:28,559 - src.controller.ai - INFO - distance parcourue 0.149625, distance 2
2023-01-06 20:46:28,561 - src.controller.ai - INFO - distance parcourue 0.76475, distance 2
2023-01-06 20:46:28,612 - src.controller.adaptateur_robot_irl - INFO - capteur distance: 253
2023-01-06 20:46:28,613 - src.controller.ai - INFO - capteur distance :  253, condition :100
2023-01-06 20:46:28,658 - src.controller.adaptateur_robot_irl - INFO - capteur distance: 249
2023-01-06 20:46:28,659 - src.controller.ai - INFO - distance parcourue 0.76475, distance 2
2023-01-06 20:46:28,702 - src.controller.adaptateur_robot_irl - INFO - capteur distance: 245
2023-01-06 20:46:28,703 - src.controller.ai - INFO - capteur distance :  245, condition :100
2023-01-06 20:46:28,745 - src.controller.adaptateur_robot_irl - INFO - capteur distance: 244
2023-01-06 20:46:28,747 - src.controller.ai - INFO - distance parcourue 0.76475, distance 2
2023-01-06 20:46:28,748 - src.controller.ai - INFO - distance parcourue 1.3965, distance 2
2023-01-06 20:46:28,792 - src.controller.adaptateur_robot_irl - INFO - capteur distance: 240
2023-01-06 20:46:28,794 - src.controller.ai - INFO - capteur distance :  240, condition :100
2023-01-06 20:46:28,837 - src.controller.adaptateur_robot_irl - INFO - capteur distance: 236
2023-01-06 20:46:28,838 - src.controller.ai - INFO - distance parcourue 1.3965, distance 2
2023-01-06 20:46:28,881 - src.controller.adaptateur_robot_irl - INFO - capteur distance: 234
2023-01-06 20:46:28,882 - src.controller.ai - INFO - capteur distance :  234, condition :100
2023-01-06 20:46:28,925 - src.controller.adaptateur_robot_irl - INFO - capteur distance: 234
2023-01-06 20:46:28,926 - src.controller.ai - INFO - distance parcourue 1.3965, distance 2
2023-01-06 20:46:28,927 - src.controller.ai - INFO - distance parcourue 1.995, distance 2
2023-01-06 20:46:28,971 - src.controller.adaptateur_robot_irl - INFO - capteur distance: 228
2023-01-06 20:46:28,972 - src.controller.ai - INFO - capteur distance :  228, condition :100
2023-01-06 20:46:29,015 - src.controller.adaptateur_robot_irl - INFO - capteur distance: 232
2023-01-06 20:46:29,016 - src.controller.ai - INFO - distance parcourue 1.995, distance 2
2023-01-06 20:46:29,059 - src.controller.adaptateur_robot_irl - INFO - capteur distance: 226
2023-01-06 20:46:29,060 - src.controller.ai - INFO - capteur distance :  226, condition :100
2023-01-06 20:46:29,110 - src.controller.adaptateur_robot_irl - INFO - capteur distance: 223
2023-01-06 20:46:29,112 - src.controller.ai - INFO - distance parcourue 1.995, distance 2
2023-01-06 20:46:29,113 - src.controller.ai - INFO - distance parcourue 2.6267500000000004, distance 2
2023-01-06 20:46:29,116 - src.controller.ai - INFO - Go strategy finished
2023-01-06 20:46:29,162 - src.controller.adaptateur_robot_irl - INFO - capteur distance: 220
2023-01-06 20:46:29,163 - src.controller.ai - INFO - capteur distance :  220, condition :100
2023-01-06 20:46:29,206 - src.controller.adaptateur_robot_irl - INFO - capteur distance: 218
2023-01-06 20:46:29,207 - src.controller.ai - INFO - distance parcourue 2.6267500000000004, distance 2
2023-01-06 20:46:29,208 - src.controller.ai - INFO - Starting Go strategy
2023-01-06 20:46:29,253 - src.controller.adaptateur_robot_irl - INFO - capteur distance: 218
2023-01-06 20:46:29,254 - src.controller.ai - INFO - capteur distance :  218, condition :100
2023-01-06 20:46:29,297 - src.controller.adaptateur_robot_irl - INFO - capteur distance: 220
2023-01-06 20:46:29,298 - src.controller.ai - INFO - distance parcourue 0.0, distance 2
2023-01-06 20:46:29,300 - src.controller.ai - INFO - distance parcourue 0.133, distance 2
2023-01-06 20:46:29,344 - src.controller.adaptateur_robot_irl - INFO - capteur distance: 213
2023-01-06 20:46:29,345 - src.controller.ai - INFO - capteur distance :  213, condition :100
2023-01-06 20:46:29,388 - src.controller.adaptateur_robot_irl - INFO - capteur distance: 210
2023-01-06 20:46:29,390 - src.controller.ai - INFO - distance parcourue 0.133, distance 2
2023-01-06 20:46:29,432 - src.controller.adaptateur_robot_irl - INFO - capteur distance: 208
2023-01-06 20:46:29,433 - src.controller.ai - INFO - capteur distance :  208, condition :100
2023-01-06 20:46:29,477 - src.controller.adaptateur_robot_irl - INFO - capteur distance: 204
2023-01-06 20:46:29,478 - src.controller.ai - INFO - distance parcourue 0.133, distance 2
2023-01-06 20:46:29,480 - src.controller.ai - INFO - distance parcourue 0.76475, distance 2
2023-01-06 20:46:29,524 - src.controller.adaptateur_robot_irl - INFO - capteur distance: 203
2023-01-06 20:46:29,525 - src.controller.ai - INFO - capteur distance :  203, condition :100
2023-01-06 20:46:29,575 - src.controller.adaptateur_robot_irl - INFO - capteur distance: 198
2023-01-06 20:46:29,577 - src.controller.ai - INFO - distance parcourue 0.76475, distance 2
2023-01-06 20:46:29,620 - src.controller.adaptateur_robot_irl - INFO - capteur distance: 199
2023-01-06 20:46:29,621 - src.controller.ai - INFO - capteur distance :  199, condition :100
2023-01-06 20:46:29,665 - src.controller.adaptateur_robot_irl - INFO - capteur distance: 197
2023-01-06 20:46:29,666 - src.controller.ai - INFO - distance parcourue 0.76475, distance 2
2023-01-06 20:46:29,668 - src.controller.ai - INFO - distance parcourue 1.3965, distance 2
2023-01-06 20:46:29,712 - src.controller.adaptateur_robot_irl - INFO - capteur distance: 191
2023-01-06 20:46:29,713 - src.controller.ai - INFO - capteur distance :  191, condition :100
2023-01-06 20:46:29,756 - src.controller.adaptateur_robot_irl - INFO - capteur distance: 185
2023-01-06 20:46:29,757 - src.controller.ai - INFO - distance parcourue 1.3965, distance 2
2023-01-06 20:46:29,800 - src.controller.adaptateur_robot_irl - INFO - capteur distance: 188
2023-01-06 20:46:29,801 - src.controller.ai - INFO - capteur distance :  188, condition :100
2023-01-06 20:46:29,844 - src.controller.adaptateur_robot_irl - INFO - capteur distance: 181
2023-01-06 20:46:29,845 - src.controller.ai - INFO - distance parcourue 1.3965, distance 2
2023-01-06 20:46:29,847 - src.controller.ai - INFO - distance parcourue 1.995, distance 2
2023-01-06 20:46:29,891 - src.controller.adaptateur_robot_irl - INFO - capteur distance: 180
2023-01-06 20:46:29,892 - src.controller.ai - INFO - capteur distance :  180, condition :100
2023-01-06 20:46:29,935 - src.controller.adaptateur_robot_irl - INFO - capteur distance: 176
2023-01-06 20:46:29,936 - src.controller.ai - INFO - distance parcourue 1.995, distance 2
2023-01-06 20:46:29,986 - src.controller.adaptateur_robot_irl - INFO - capteur distance: 174
2023-01-06 20:46:29,987 - src.controller.ai - INFO - capteur distance :  174, condition :100
2023-01-06 20:46:30,032 - src.controller.adaptateur_robot_irl - INFO - capteur distance: 173
2023-01-06 20:46:30,033 - src.controller.ai - INFO - distance parcourue 1.995, distance 2
2023-01-06 20:46:30,035 - src.controller.ai - INFO - distance parcourue 2.6267500000000004, distance 2
2023-01-06 20:46:30,037 - src.controller.ai - INFO - Go strategy finished
2023-01-06 20:46:30,081 - src.controller.adaptateur_robot_irl - INFO - capteur distance: 167
2023-01-06 20:46:30,082 - src.controller.ai - INFO - capteur distance :  167, condition :100
2023-01-06 20:46:30,125 - src.controller.adaptateur_robot_irl - INFO - capteur distance: 166
2023-01-06 20:46:30,127 - src.controller.ai - INFO - distance parcourue 2.6267500000000004, distance 2
2023-01-06 20:46:30,127 - src.controller.ai - INFO - Starting Go strategy
2023-01-06 20:46:30,172 - src.controller.adaptateur_robot_irl - INFO - capteur distance: 168
2023-01-06 20:46:30,173 - src.controller.ai - INFO - capteur distance :  168, condition :100
2023-01-06 20:46:30,216 - src.controller.adaptateur_robot_irl - INFO - capteur distance: 167
2023-01-06 20:46:30,218 - src.controller.ai - INFO - distance parcourue 0.0, distance 2
2023-01-06 20:46:30,219 - src.controller.ai - INFO - distance parcourue 0.16625, distance 2
2023-01-06 20:46:30,263 - src.controller.adaptateur_robot_irl - INFO - capteur distance: 162
2023-01-06 20:46:30,264 - src.controller.ai - INFO - capteur distance :  162, condition :100
2023-01-06 20:46:30,307 - src.controller.adaptateur_robot_irl - INFO - capteur distance: 157
2023-01-06 20:46:30,308 - src.controller.ai - INFO - distance parcourue 0.16625, distance 2
2023-01-06 20:46:30,352 - src.controller.adaptateur_robot_irl - INFO - capteur distance: 153
2023-01-06 20:46:30,353 - src.controller.ai - INFO - capteur distance :  153, condition :100
2023-01-06 20:46:30,395 - src.controller.adaptateur_robot_irl - INFO - capteur distance: 156
2023-01-06 20:46:30,397 - src.controller.ai - INFO - distance parcourue 0.16625, distance 2
2023-01-06 20:46:30,398 - src.controller.ai - INFO - distance parcourue 0.798, distance 2
2023-01-06 20:46:30,449 - src.controller.adaptateur_robot_irl - INFO - capteur distance: 150
2023-01-06 20:46:30,450 - src.controller.ai - INFO - capteur distance :  150, condition :100
2023-01-06 20:46:30,493 - src.controller.adaptateur_robot_irl - INFO - capteur distance: 146
2023-01-06 20:46:30,495 - src.controller.ai - INFO - distance parcourue 0.798, distance 2
2023-01-06 20:46:30,539 - src.controller.adaptateur_robot_irl - INFO - capteur distance: 145
2023-01-06 20:46:30,540 - src.controller.ai - INFO - capteur distance :  145, condition :100
2023-01-06 20:46:30,583 - src.controller.adaptateur_robot_irl - INFO - capteur distance: 141
2023-01-06 20:46:30,584 - src.controller.ai - INFO - distance parcourue 0.798, distance 2
2023-01-06 20:46:30,593 - src.controller.ai - INFO - distance parcourue 1.42975, distance 2
2023-01-06 20:46:30,637 - src.controller.adaptateur_robot_irl - INFO - capteur distance: 137
2023-01-06 20:46:30,638 - src.controller.ai - INFO - capteur distance :  137, condition :100
2023-01-06 20:46:30,681 - src.controller.adaptateur_robot_irl - INFO - capteur distance: 137
2023-01-06 20:46:30,682 - src.controller.ai - INFO - distance parcourue 1.42975, distance 2
2023-01-06 20:46:30,725 - src.controller.adaptateur_robot_irl - INFO - capteur distance: 130
2023-01-06 20:46:30,726 - src.controller.ai - INFO - capteur distance :  130, condition :100
2023-01-06 20:46:30,768 - src.controller.adaptateur_robot_irl - INFO - capteur distance: 130
2023-01-06 20:46:30,769 - src.controller.ai - INFO - distance parcourue 1.42975, distance 2
2023-01-06 20:46:30,770 - src.controller.ai - INFO - distance parcourue 2.02825, distance 2
2023-01-06 20:46:30,772 - src.controller.ai - INFO - Go strategy finished
2023-01-06 20:46:30,815 - src.controller.adaptateur_robot_irl - INFO - capteur distance: 126
2023-01-06 20:46:30,822 - src.controller.ai - INFO - capteur distance :  126, condition :100
2023-01-06 20:46:30,868 - src.controller.adaptateur_robot_irl - INFO - capteur distance: 126
2023-01-06 20:46:30,869 - src.controller.ai - INFO - distance parcourue 2.02825, distance 2
2023-01-06 20:46:30,870 - src.controller.ai - INFO - Starting Go strategy
2023-01-06 20:46:30,914 - src.controller.adaptateur_robot_irl - INFO - capteur distance: 125
2023-01-06 20:46:30,915 - src.controller.ai - INFO - capteur distance :  125, condition :100
2023-01-06 20:46:30,957 - src.controller.adaptateur_robot_irl - INFO - capteur distance: 125
2023-01-06 20:46:30,958 - src.controller.ai - INFO - distance parcourue 0.0, distance 2
2023-01-06 20:46:30,959 - src.controller.ai - INFO - distance parcourue 0.133, distance 2
2023-01-06 20:46:31,003 - src.controller.adaptateur_robot_irl - INFO - capteur distance: 122
2023-01-06 20:46:31,004 - src.controller.ai - INFO - capteur distance :  122, condition :100
2023-01-06 20:46:31,046 - src.controller.adaptateur_robot_irl - INFO - capteur distance: 120
2023-01-06 20:46:31,047 - src.controller.ai - INFO - distance parcourue 0.133, distance 2
2023-01-06 20:46:31,089 - src.controller.adaptateur_robot_irl - INFO - capteur distance: 119
2023-01-06 20:46:31,090 - src.controller.ai - INFO - capteur distance :  119, condition :100
2023-01-06 20:46:31,132 - src.controller.adaptateur_robot_irl - INFO - capteur distance: 115
2023-01-06 20:46:31,133 - src.controller.ai - INFO - distance parcourue 0.133, distance 2
2023-01-06 20:46:31,135 - src.controller.ai - INFO - distance parcourue 0.748125, distance 2
2023-01-06 20:46:31,178 - src.controller.adaptateur_robot_irl - INFO - capteur distance: 110
2023-01-06 20:46:31,179 - src.controller.ai - INFO - capteur distance :  110, condition :100
2023-01-06 20:46:31,221 - src.controller.adaptateur_robot_irl - INFO - capteur distance: 109
2023-01-06 20:46:31,222 - src.controller.ai - INFO - distance parcourue 0.748125, distance 2
2023-01-06 20:46:31,264 - src.controller.adaptateur_robot_irl - INFO - capteur distance: 109
2023-01-06 20:46:31,265 - src.controller.ai - INFO - capteur distance :  109, condition :100
2023-01-06 20:46:31,308 - src.controller.adaptateur_robot_irl - INFO - capteur distance: 108
2023-01-06 20:46:31,309 - src.controller.ai - INFO - distance parcourue 0.748125, distance 2
2023-01-06 20:46:31,310 - src.controller.ai - INFO - distance parcourue 1.33, distance 2
2023-01-06 20:46:31,361 - src.controller.adaptateur_robot_irl - INFO - capteur distance: 103
2023-01-06 20:46:31,361 - src.controller.ai - INFO - capteur distance :  103, condition :100
2023-01-06 20:46:31,406 - src.controller.adaptateur_robot_irl - INFO - capteur distance: 98
2023-01-06 20:46:31,407 - src.controller.ai - INFO - STOP !!! 
2023-01-06 20:46:31,451 - src.controller.adaptateur_robot_irl - INFO - capteur distance: 96
2023-01-06 20:46:31,451 - src.controller.ai - INFO - capteur distance :  96, condition :100
2023-01-06 20:46:31,494 - src.controller.adaptateur_robot_irl - INFO - capteur distance: 91
2023-01-06 20:46:31,495 - src.controller.ai - INFO - STOP !!! 
2023-01-06 20:46:31,540 - src.controller.adaptateur_robot_irl - INFO - capteur distance: 88
2023-01-06 20:46:31,540 - src.controller.ai - INFO - capteur distance :  88, condition :100
2023-01-06 20:46:31,583 - src.controller.adaptateur_robot_irl - INFO - capteur distance: 87
2023-01-06 20:46:31,583 - src.controller.ai - INFO - STOP !!! 
2023-01-06 20:46:31,627 - src.controller.adaptateur_robot_irl - INFO - capteur distance: 83
2023-01-06 20:46:31,628 - src.controller.ai - INFO - capteur distance :  83, condition :100
2023-01-06 20:46:31,670 - src.controller.adaptateur_robot_irl - INFO - capteur distance: 83
2023-01-06 20:46:31,671 - src.controller.ai - INFO - STOP !!! 
2023-01-06 20:46:31,714 - src.controller.adaptateur_robot_irl - INFO - capteur distance: 80
2023-01-06 20:46:31,715 - src.controller.ai - INFO - capteur distance :  80, condition :100
2023-01-06 20:46:31,757 - src.controller.adaptateur_robot_irl - INFO - capteur distance: 76
2023-01-06 20:46:31,758 - src.controller.ai - INFO - STOP !!! 
2023-01-06 20:46:31,802 - src.controller.adaptateur_robot_irl - INFO - capteur distance: 73
2023-01-06 20:46:31,803 - src.controller.ai - INFO - capteur distance :  73, condition :100
2023-01-06 20:46:31,845 - src.controller.adaptateur_robot_irl - INFO - capteur distance: 71
2023-01-06 20:46:31,846 - src.controller.ai - INFO - STOP !!! 
2023-01-06 20:46:31,890 - src.controller.adaptateur_robot_irl - INFO - capteur distance: 71
2023-01-06 20:46:31,890 - src.controller.ai - INFO - capteur distance :  71, condition :100
2023-01-06 20:46:31,932 - src.controller.adaptateur_robot_irl - INFO - capteur distance: 68
2023-01-06 20:46:31,933 - src.controller.ai - INFO - STOP !!! 
2023-01-06 20:46:31,986 - src.controller.adaptateur_robot_irl - INFO - capteur distance: 64
2023-01-06 20:46:31,987 - src.controller.ai - INFO - capteur distance :  64, condition :100
2023-01-06 20:46:32,032 - src.controller.adaptateur_robot_irl - INFO - capteur distance: 60
2023-01-06 20:46:32,033 - src.controller.ai - INFO - STOP !!! 
2023-01-06 20:46:32,077 - src.controller.adaptateur_robot_irl - INFO - capteur distance: 58
2023-01-06 20:46:32,078 - src.controller.ai - INFO - capteur distance :  58, condition :100
2023-01-06 20:46:32,122 - src.controller.adaptateur_robot_irl - INFO - capteur distance: 54
2023-01-06 20:46:32,123 - src.controller.ai - INFO - STOP !!! 
2023-01-06 20:46:32,167 - src.controller.adaptateur_robot_irl - INFO - capteur distance: 53
2023-01-06 20:46:32,168 - src.controller.ai - INFO - capteur distance :  53, condition :100
2023-01-06 20:46:32,211 - src.controller.adaptateur_robot_irl - INFO - capteur distance: 51
2023-01-06 20:46:32,211 - src.controller.ai - INFO - STOP !!! 
2023-01-06 20:46:32,256 - src.controller.adaptateur_robot_irl - INFO - capteur distance: 44
2023-01-06 20:46:32,257 - src.controller.ai - INFO - capteur distance :  44, condition :100
2023-01-06 20:46:32,300 - src.controller.adaptateur_robot_irl - INFO - capteur distance: 41
2023-01-06 20:46:32,301 - src.controller.ai - INFO - STOP !!! 
2023-01-06 20:46:32,346 - src.controller.adaptateur_robot_irl - INFO - capteur distance: 36
2023-01-06 20:46:32,347 - src.controller.ai - INFO - capteur distance :  36, condition :100
2023-01-06 20:46:32,390 - src.controller.adaptateur_robot_irl - INFO - capteur distance: 38
2023-01-06 20:46:32,391 - src.controller.ai - INFO - STOP !!! 
2023-01-06 20:46:32,435 - src.controller.adaptateur_robot_irl - INFO - capteur distance: 40
2023-01-06 20:46:32,436 - src.controller.ai - INFO - capteur distance :  40, condition :100
2023-01-06 20:46:32,486 - src.controller.adaptateur_robot_irl - INFO - capteur distance: 35
2023-01-06 20:46:32,487 - src.controller.ai - INFO - STOP !!! 
2023-01-06 20:46:32,532 - src.controller.adaptateur_robot_irl - INFO - capteur distance: 33
2023-01-06 20:46:32,533 - src.controller.ai - INFO - capteur distance :  33, condition :100
2023-01-06 20:46:32,576 - src.controller.adaptateur_robot_irl - INFO - capteur distance: 35
2023-01-06 20:46:32,577 - src.controller.ai - INFO - STOP !!! 
2023-01-06 20:46:32,621 - src.controller.adaptateur_robot_irl - INFO - capteur distance: 29
2023-01-06 20:46:32,623 - src.controller.ai - INFO - capteur distance :  29, condition :100
2023-01-06 20:46:32,667 - src.controller.adaptateur_robot_irl - INFO - capteur distance: 26
2023-01-06 20:46:32,668 - src.controller.ai - INFO - STOP !!! 
2023-01-06 20:46:32,712 - src.controller.adaptateur_robot_irl - INFO - capteur distance: 25
2023-01-06 20:46:32,713 - src.controller.ai - INFO - capteur distance :  25, condition :100
2023-01-06 20:46:32,756 - src.controller.adaptateur_robot_irl - INFO - capteur distance: 24
2023-01-06 20:46:32,757 - src.controller.ai - INFO - STOP !!! 
2023-01-06 20:46:32,801 - src.controller.adaptateur_robot_irl - INFO - capteur distance: 26
2023-01-06 20:46:32,802 - src.controller.ai - INFO - capteur distance :  26, condition :100
2023-01-06 20:46:32,845 - src.controller.adaptateur_robot_irl - INFO - capteur distance: 28
2023-01-06 20:46:32,846 - src.controller.ai - INFO - STOP !!! 
2023-01-06 20:46:32,890 - src.controller.adaptateur_robot_irl - INFO - capteur distance: 27
2023-01-06 20:46:32,891 - src.controller.ai - INFO - capteur distance :  27, condition :100
2023-01-06 20:46:32,933 - src.controller.adaptateur_robot_irl - INFO - capteur distance: 30
2023-01-06 20:46:32,934 - src.controller.ai - INFO - STOP !!! 
2023-01-06 20:46:32,987 - src.controller.adaptateur_robot_irl - INFO - capteur distance: 32
2023-01-06 20:46:32,988 - src.controller.ai - INFO - capteur distance :  32, condition :100
2023-01-06 20:46:33,032 - src.controller.adaptateur_robot_irl - INFO - capteur distance: 31
2023-01-06 20:46:33,033 - src.controller.ai - INFO - STOP !!! 
2023-01-06 20:46:33,077 - src.controller.adaptateur_robot_irl - INFO - capteur distance: 31
2023-01-06 20:46:33,078 - src.controller.ai - INFO - capteur distance :  31, condition :100
2023-01-06 20:46:33,121 - src.controller.adaptateur_robot_irl - INFO - capteur distance: 28
2023-01-06 20:46:33,123 - src.controller.ai - INFO - STOP !!! 
2023-01-06 20:46:33,167 - src.controller.adaptateur_robot_irl - INFO - capteur distance: 30
2023-01-06 20:46:33,168 - src.controller.ai - INFO - capteur distance :  30, condition :100
2023-01-06 20:46:33,211 - src.controller.adaptateur_robot_irl - INFO - capteur distance: 28
2023-01-06 20:46:33,213 - src.controller.ai - INFO - STOP !!! 
2023-01-06 20:46:33,259 - src.controller.adaptateur_robot_irl - INFO - capteur distance: 30
2023-01-06 20:46:33,261 - src.controller.ai - INFO - capteur distance :  30, condition :100
2023-01-06 20:46:33,307 - src.controller.adaptateur_robot_irl - INFO - capteur distance: 32
2023-01-06 20:46:33,308 - src.controller.ai - INFO - STOP !!! 
2023-01-06 20:46:33,359 - src.controller.adaptateur_robot_irl - INFO - capteur distance: 29
2023-01-06 20:46:33,360 - src.controller.ai - INFO - capteur distance :  29, condition :100
2023-01-06 20:46:33,405 - src.controller.adaptateur_robot_irl - INFO - capteur distance: 27
2023-01-06 20:46:33,406 - src.controller.ai - INFO - STOP !!! 
2023-01-06 20:46:33,450 - src.controller.adaptateur_robot_irl - INFO - capteur distance: 35
2023-01-06 20:46:33,451 - src.controller.ai - INFO - capteur distance :  35, condition :100
2023-01-06 20:46:33,494 - src.controller.adaptateur_robot_irl - INFO - capteur distance: 34
2023-01-06 20:46:33,496 - src.controller.ai - INFO - STOP !!! 
2023-01-06 20:46:33,540 - src.controller.adaptateur_robot_irl - INFO - capteur distance: 36
2023-01-06 20:46:33,541 - src.controller.ai - INFO - capteur distance :  36, condition :100
2023-01-06 20:46:33,584 - src.controller.adaptateur_robot_irl - INFO - capteur distance: 38
2023-01-06 20:46:33,586 - src.controller.ai - INFO - STOP !!! 
2023-01-06 20:46:33,630 - src.controller.adaptateur_robot_irl - INFO - capteur distance: 38
2023-01-06 20:46:33,632 - src.controller.ai - INFO - capteur distance :  38, condition :100
2023-01-06 20:46:33,674 - src.controller.adaptateur_robot_irl - INFO - capteur distance: 39
2023-01-06 20:46:33,676 - src.controller.ai - INFO - STOP !!! 
2023-01-06 20:46:33,720 - src.controller.adaptateur_robot_irl - INFO - capteur distance: 43
2023-01-06 20:46:33,721 - src.controller.ai - INFO - capteur distance :  43, condition :100
2023-01-06 20:46:33,764 - src.controller.adaptateur_robot_irl - INFO - capteur distance: 46
2023-01-06 20:46:33,766 - src.controller.ai - INFO - STOP !!! 
2023-01-06 20:46:33,809 - src.controller.adaptateur_robot_irl - INFO - capteur distance: 46
2023-01-06 20:46:33,811 - src.controller.ai - INFO - capteur distance :  46, condition :100
2023-01-06 20:46:33,861 - src.controller.adaptateur_robot_irl - INFO - capteur distance: 42
2023-01-06 20:46:33,862 - src.controller.ai - INFO - STOP !!! 
2023-01-06 20:46:33,908 - src.controller.adaptateur_robot_irl - INFO - capteur distance: 46
2023-01-06 20:46:33,910 - src.controller.ai - INFO - capteur distance :  46, condition :100
2023-01-06 20:46:33,952 - src.controller.adaptateur_robot_irl - INFO - capteur distance: 47
2023-01-06 20:46:33,954 - src.controller.ai - INFO - STOP !!! 
2023-01-06 20:46:33,998 - src.controller.adaptateur_robot_irl - INFO - capteur distance: 47
2023-01-06 20:46:33,999 - src.controller.ai - INFO - capteur distance :  47, condition :100
2023-01-06 20:46:34,042 - src.controller.adaptateur_robot_irl - INFO - capteur distance: 49
2023-01-06 20:46:34,044 - src.controller.ai - INFO - STOP !!! 
2023-01-06 20:46:34,088 - src.controller.adaptateur_robot_irl - INFO - capteur distance: 52
2023-01-06 20:46:34,089 - src.controller.ai - INFO - capteur distance :  52, condition :100
2023-01-06 20:46:34,132 - src.controller.adaptateur_robot_irl - INFO - capteur distance: 52
2023-01-06 20:46:34,133 - src.controller.ai - INFO - STOP !!! 
2023-01-06 20:46:34,177 - src.controller.adaptateur_robot_irl - INFO - capteur distance: 53
2023-01-06 20:46:34,178 - src.controller.ai - INFO - capteur distance :  53, condition :100
2023-01-06 20:46:34,221 - src.controller.adaptateur_robot_irl - INFO - capteur distance: 56
2023-01-06 20:46:34,222 - src.controller.ai - INFO - STOP !!! 
2023-01-06 20:46:34,267 - src.controller.adaptateur_robot_irl - INFO - capteur distance: 51
2023-01-06 20:46:34,268 - src.controller.ai - INFO - capteur distance :  51, condition :100
2023-01-06 20:46:34,311 - src.controller.adaptateur_robot_irl - INFO - capteur distance: 52
2023-01-06 20:46:34,312 - src.controller.ai - INFO - STOP !!! 
2023-01-06 20:46:34,363 - src.controller.adaptateur_robot_irl - INFO - capteur distance: 53
2023-01-06 20:46:34,364 - src.controller.ai - INFO - capteur distance :  53, condition :100
2023-01-06 20:46:34,408 - src.controller.adaptateur_robot_irl - INFO - capteur distance: 52
2023-01-06 20:46:34,409 - src.controller.ai - INFO - STOP !!! 
2023-01-06 20:46:34,453 - src.controller.adaptateur_robot_irl - INFO - capteur distance: 49
2023-01-06 20:46:34,454 - src.controller.ai - INFO - capteur distance :  49, condition :100
2023-01-06 20:46:34,496 - src.controller.adaptateur_robot_irl - INFO - capteur distance: 50
2023-01-06 20:46:34,497 - src.controller.ai - INFO - STOP !!! 
2023-01-06 20:46:34,541 - src.controller.adaptateur_robot_irl - INFO - capteur distance: 50
2023-01-06 20:46:34,542 - src.controller.ai - INFO - capteur distance :  50, condition :100
2023-01-06 20:46:34,584 - src.controller.adaptateur_robot_irl - INFO - capteur distance: 47
2023-01-06 20:46:34,585 - src.controller.ai - INFO - STOP !!! 
2023-01-06 20:46:34,629 - src.controller.adaptateur_robot_irl - INFO - capteur distance: 48
2023-01-06 20:46:34,629 - src.controller.ai - INFO - capteur distance :  48, condition :100
2023-01-06 20:46:34,672 - src.controller.adaptateur_robot_irl - INFO - capteur distance: 46
2023-01-06 20:46:34,673 - src.controller.ai - INFO - STOP !!! 
2023-01-06 20:46:34,717 - src.controller.adaptateur_robot_irl - INFO - capteur distance: 82
2023-01-06 20:46:34,717 - src.controller.ai - INFO - capteur distance :  82, condition :100
2023-01-06 20:46:34,760 - src.controller.adaptateur_robot_irl - INFO - capteur distance: 8190
2023-01-06 20:46:34,761 - src.controller.ai - INFO - distance parcourue 1.33, distance 2
2023-01-06 20:46:34,804 - src.controller.adaptateur_robot_irl - INFO - capteur distance: 1341
2023-01-06 20:46:34,805 - src.controller.ai - INFO - capteur distance :  1341, condition :100
2023-01-06 20:46:34,848 - src.controller.adaptateur_robot_irl - INFO - capteur distance: 1392
2023-01-06 20:46:34,849 - src.controller.ai - INFO - distance parcourue 1.33, distance 2
2023-01-06 20:46:34,850 - src.controller.ai - INFO - distance parcourue 13.117125, distance 2
2023-01-06 20:46:34,852 - src.controller.ai - INFO - Go strategy finished
2023-01-06 20:46:34,896 - src.controller.adaptateur_robot_irl - INFO - capteur distance: 1479
2023-01-06 20:46:34,896 - src.controller.ai - INFO - capteur distance :  1479, condition :100
2023-01-06 20:46:34,940 - src.controller.adaptateur_robot_irl - INFO - capteur distance: 1423
2023-01-06 20:46:34,947 - src.controller.ai - INFO - distance parcourue 13.117125, distance 2
2023-01-06 20:46:34,948 - src.controller.ai - INFO - Starting Go strategy
2023-01-06 20:46:34,995 - src.controller.adaptateur_robot_irl - INFO - capteur distance: 1441
2023-01-06 20:46:34,995 - src.controller.ai - INFO - capteur distance :  1441, condition :100
2023-01-06 20:46:35,040 - src.controller.adaptateur_robot_irl - INFO - capteur distance: 1436
2023-01-06 20:46:35,040 - src.controller.ai - INFO - distance parcourue 0.0, distance 2
2023-01-06 20:46:35,042 - src.controller.ai - INFO - distance parcourue 0.16625, distance 2
2023-01-06 20:46:35,085 - src.controller.adaptateur_robot_irl - INFO - capteur distance: 1485
2023-01-06 20:46:35,086 - src.controller.ai - INFO - capteur distance :  1485, condition :100
2023-01-06 20:46:35,129 - src.controller.adaptateur_robot_irl - INFO - capteur distance: 1489
2023-01-06 20:46:35,129 - src.controller.ai - INFO - distance parcourue 0.16625, distance 2
2023-01-06 20:46:35,172 - src.controller.adaptateur_robot_irl - INFO - capteur distance: 1508
2023-01-06 20:46:35,173 - src.controller.ai - INFO - capteur distance :  1508, condition :100
2023-01-06 20:46:35,215 - src.controller.adaptateur_robot_irl - INFO - capteur distance: 1513
2023-01-06 20:46:35,216 - src.controller.ai - INFO - distance parcourue 0.16625, distance 2
2023-01-06 20:46:35,218 - src.controller.ai - INFO - distance parcourue 0.76475, distance 2
2023-01-06 20:46:35,261 - src.controller.adaptateur_robot_irl - INFO - capteur distance: 1547
2023-01-06 20:46:35,262 - src.controller.ai - INFO - capteur distance :  1547, condition :100
2023-01-06 20:46:35,304 - src.controller.adaptateur_robot_irl - INFO - capteur distance: 1535
2023-01-06 20:46:35,305 - src.controller.ai - INFO - distance parcourue 0.76475, distance 2
