2023-01-06 17:41:10,492 - __main__ - INFO - Allumer Camera
2023-01-06 17:41:10,494 - __main__ - INFO - None
2023-01-06 17:41:11,502 - __main__ - INFO - [[[218 204 186]
  [219 206 188]
  [219 206 188]
  ...
  [ 98  99  90]
  [101 102  93]
  [ 98  99  90]]

 [[217 203 185]
  [219 206 188]
  [219 206 188]
  ...
  [100 101  91]
  [102 103  94]
  [ 97  98  89]]

 [[220 207 189]
  [219 206 188]
  [219 206 188]
  ...
  [ 96  97  88]
  [100 101  91]
  [ 97  98  89]]

 ...

 [[222 222 206]
  [221 221 205]
  [221 221 205]
  ...
  [ 85  88  81]
  [ 84  87  79]
  [ 85  88  81]]

 [[221 221 207]
  [221 221 207]
  [221 221 205]
  ...
  [ 85  88  81]
  [ 84  87  79]
  [ 86  89  82]]

 [[220 219 206]
  [221 221 207]
  [220 220 204]
  ...
  [ 86  89  82]
  [ 85  88  81]
  [ 87  91  83]]]
2023-01-06 17:41:12,517 - __main__ - INFO - [[[231 219 208]
  [234 222 210]
  [234 222 210]
  ...
  [120 118 110]
  [123 122 114]
  [121 120 111]]

 [[236 224 212]
  [235 223 211]
  [236 224 212]
  ...
  [119 117 109]
  [123 122 114]
  [122 121 112]]

 [[235 223 209]
  [235 223 209]
  [236 224 212]
  ...
  [118 119 110]
  [122 121 112]
  [123 122 114]]

 ...

 [[241 233 222]
  [240 232 221]
  [238 233 221]
  ...
  [105 106  99]
  [108 108 102]
  [107 107 100]]

 [[240 232 221]
  [240 232 221]
  [240 232 221]
  ...
  [108 108 102]
  [108 108 102]
  [108 108 102]]

 [[239 231 220]
  [240 232 221]
  [240 232 221]
  ...
  [105 106  99]
  [104 105  98]
  [109 110 103]]]
