2023-01-06 17:36:30,327 - __main__ - INFO - Allumer Camera
2023-01-06 17:36:30,329 - __main__ - INFO - None
2023-01-06 17:36:31,336 - __main__ - INFO - [[[0 0 0]
  [0 0 0]
  [0 0 0]
  ...
  [0 0 0]
  [0 0 0]
  [0 0 0]]

 [[0 0 0]
  [0 0 0]
  [0 0 0]
  ...
  [0 0 0]
  [0 0 0]
  [0 0 0]]

 [[0 0 0]
  [0 0 0]
  [0 0 0]
  ...
  [0 0 0]
  [0 0 0]
  [0 0 0]]

 ...

 [[0 0 0]
  [0 0 0]
  [0 0 0]
  ...
  [0 0 0]
  [0 0 0]
  [0 0 0]]

 [[0 0 0]
  [0 0 0]
  [0 0 0]
  ...
  [0 0 0]
  [0 0 0]
  [0 0 0]]

 [[0 0 0]
  [0 0 0]
  [0 0 0]
  ...
  [0 0 0]
  [0 0 0]
  [0 0 0]]]
2023-01-06 17:36:32,348 - __main__ - INFO - [[[2 2 0]
  [1 1 0]
  [0 0 0]
  ...
  [0 1 0]
  [0 1 0]
  [0 2 0]]

 [[0 0 0]
  [0 0 0]
  [2 2 0]
  ...
  [0 3 0]
  [0 1 0]
  [0 0 0]]

 [[0 0 0]
  [1 1 0]
  [0 0 0]
  ...
  [0 3 0]
  [0 2 0]
  [0 0 0]]

 ...

 [[0 0 0]
  [0 0 0]
  [0 0 0]
  ...
  [1 4 0]
  [1 4 0]
  [2 5 0]]

 [[0 0 0]
  [0 0 0]
  [0 0 0]
  ...
  [0 3 0]
  [0 1 0]
  [0 3 0]]

 [[0 0 0]
  [0 0 0]
  [0 0 0]
  ...
  [0 0 0]
  [0 0 0]
  [0 2 0]]]
