2023-01-06 17:48:42,837 - __main__ - INFO - Allumer Camera
2023-01-06 17:48:42,838 - __main__ - INFO - None
2023-01-06 17:48:43,846 - __main__ - INFO - [[[196 191 193]
  [196 191 193]
  [195 189 193]
  ...
  [ 55  48  51]
  [ 62  55  56]
  [ 72  64  65]]

 [[198 193 195]
  [198 193 195]
  [195 189 193]
  ...
  [ 54  47  49]
  [ 53  46  46]
  [ 58  50  51]]

 [[201 195 199]
  [198 193 197]
  [197 191 196]
  ...
  [ 53  45  48]
  [ 52  45  45]
  [ 53  46  46]]

 ...

 [[176 166 169]
  [178 168 172]
  [175 168 170]
  ...
  [255 251 243]
  [255 251 243]
  [255 251 243]]

 [[175 168 170]
  [174 166 169]
  [175 165 168]
  ...
  [255 251 243]
  [255 251 243]
  [255 251 243]]

 [[174 166 169]
  [173 165 168]
  [175 165 168]
  ...
  [255 253 244]
  [255 251 243]
  [255 251 243]]]
2023-01-06 17:48:44,855 - __main__ - INFO - [[[193 184 192]
  [195 187 194]
  [194 187 194]
  ...
  [ 55  43  47]
  [ 62  50  54]
  [ 75  62  67]]

 [[193 184 192]
  [195 187 194]
  [195 189 195]
  ...
  [ 55  43  47]
  [ 57  45  49]
  [ 62  50  54]]

 [[192 186 193]
  [194 187 194]
  [192 186 193]
  ...
  [ 56  44  48]
  [ 55  43  47]
  [ 59  46  51]]

 ...

 [[168 162 169]
  [168 162 169]
  [173 165 172]
  ...
  [255 250 244]
  [255 249 243]
  [255 250 244]]

 [[164 158 165]
  [170 164 171]
  [172 164 169]
  ...
  [255 251 245]
  [255 250 244]
  [255 250 244]]

 [[170 164 171]
  [171 165 172]
  [172 164 169]
  ...
  [255 250 244]
  [255 250 244]
  [255 249 243]]]
