2024-03-23 18:40:20,846 - MVC.modele.simulation - INFO - Position: (250.0, 247.5)
Vitesse roue droite: 0
Vitesse roue gauche: 50

2024-03-23 18:40:20,846 - MVC.modele.simulation - INFO - temps utilise 0.0010747909545898438
2024-03-23 18:40:20,857 - MVC.modele.simulation - INFO - Position: (250.24958354161706, 245.01248958680495)
Vitesse roue droite: 0
Vitesse roue gauche: 50

2024-03-23 18:40:20,857 - MVC.modele.simulation - INFO - temps utilise 0.0
2024-03-23 18:40:20,867 - MVC.modele.simulation - INFO - Position: (250.74625686860472, 242.56232314220185)
Vitesse roue droite: 0
Vitesse roue gauche: 50

2024-03-23 18:40:20,867 - MVC.modele.simulation - INFO - temps utilise 0.0
2024-03-23 18:40:20,878 - MVC.modele.simulation - INFO - Position: (251.48505738525807, 240.17398191938784)
Vitesse roue droite: 0
Vitesse roue gauche: 50

2024-03-23 18:40:20,878 - MVC.modele.simulation - INFO - temps utilise 0.0001888275146484375
2024-03-23 18:40:20,889 - MVC.modele.simulation - INFO - Position: (252.4586032410297, 237.87132943438064)
Vitesse roue droite: 0
Vitesse roue gauche: 50

2024-03-23 18:40:20,889 - MVC.modele.simulation - INFO - temps utilise 0.0
2024-03-23 18:40:20,900 - MVC.modele.simulation - INFO - Position: (253.6571670875402, 235.67737302965472)
Vitesse roue droite: 0
Vitesse roue gauche: 50

2024-03-23 18:40:20,900 - MVC.modele.simulation - INFO - temps utilise 0.0
2024-03-23 18:40:20,910 - MVC.modele.simulation - INFO - Position: (255.06877327102777, 233.6140339923805)
Vitesse roue droite: 0
Vitesse roue gauche: 50

2024-03-23 18:40:20,910 - MVC.modele.simulation - INFO - temps utilise 0.0
2024-03-23 18:40:20,921 - MVC.modele.simulation - INFO - Position: (256.679317489122, 231.7019285241693)
Vitesse roue droite: 0
Vitesse roue gauche: 50

2024-03-23 18:40:20,921 - MVC.modele.simulation - INFO - temps utilise 0.0
2024-03-23 18:40:20,932 - MVC.modele.simulation - INFO - Position: (258.47270771637085, 229.96016175080138)
Vitesse roue droite: 0
Vitesse roue gauche: 50

2024-03-23 18:40:20,932 - MVC.modele.simulation - INFO - temps utilise 0.0
2024-03-23 18:40:20,943 - MVC.modele.simulation - INFO - Position: (260.43102499043954, 228.40613683012472)
Vitesse roue droite: 0
Vitesse roue gauche: 50

2024-03-23 18:40:20,943 - MVC.modele.simulation - INFO - temps utilise 0.0
2024-03-23 18:40:20,954 - MVC.modele.simulation - INFO - Position: (262.53470245245927, 227.05538106545438)
Vitesse roue droite: 0
Vitesse roue gauche: 50

2024-03-23 18:40:20,954 - MVC.modele.simulation - INFO - temps utilise 0.0
2024-03-23 18:40:20,965 - MVC.modele.simulation - INFO - Position: (264.76272085261286, 225.92139076189045)
Vitesse roue droite: 0
Vitesse roue gauche: 50

2024-03-23 18:40:20,965 - MVC.modele.simulation - INFO - temps utilise 0.00013518333435058594
2024-03-23 18:40:20,975 - MVC.modele.simulation - INFO - Position: (267.0928185675309, 225.01549637569877)
Vitesse roue droite: 0
Vitesse roue gauche: 50

2024-03-23 18:40:20,975 - MVC.modele.simulation - INFO - temps utilise 0.0
2024-03-23 18:40:20,986 - MVC.modele.simulation - INFO - Position: (269.5017140310739, 224.34674930413732)
Vitesse roue droite: 0
Vitesse roue gauche: 50

2024-03-23 18:40:20,986 - MVC.modele.simulation - INFO - temps utilise 0.0
2024-03-23 18:40:20,997 - MVC.modele.simulation - INFO - Position: (271.96533835604504, 223.92183144688673)
Vitesse roue droite: 0
Vitesse roue gauche: 50

2024-03-23 18:40:20,997 - MVC.modele.simulation - INFO - temps utilise 0.0
2024-03-23 18:40:21,008 - MVC.modele.simulation - INFO - Position: (274.4590758225552, 223.74498844271747)
Vitesse roue droite: 0
Vitesse roue gauche: 50

2024-03-23 18:40:21,008 - MVC.modele.simulation - INFO - temps utilise 0.0
2024-03-23 18:40:21,018 - MVC.modele.simulation - INFO - Position: (276.9580098301589, 223.8179872484707)
Vitesse roue droite: 0
Vitesse roue gauche: 50

2024-03-23 18:40:21,018 - MVC.modele.simulation - INFO - temps utilise 0.0001595020294189453
2024-03-23 18:40:21,029 - MVC.modele.simulation - INFO - Position: (279.4371718562901, 224.14009848420952)
Vitesse roue droite: 0
Vitesse roue gauche: 50

2024-03-23 18:40:21,029 - MVC.modele.simulation - INFO - temps utilise 6.556510925292969e-05
2024-03-23 18:40:21,039 - MVC.modele.simulation - INFO - Position: (281.87179093348556, 224.70810372094223)
Vitesse roue droite: 0
Vitesse roue gauche: 50

2024-03-23 18:40:21,039 - MVC.modele.simulation - INFO - temps utilise 5.7220458984375e-05
2024-03-23 18:40:21,050 - MVC.modele.simulation - INFO - Position: (284.23754115270407, 225.516327638101)
Vitesse roue droite: 0
Vitesse roue gauche: 50

2024-03-23 18:40:21,050 - MVC.modele.simulation - INFO - temps utilise 0.0
2024-03-23 18:40:21,060 - MVC.modele.simulation - INFO - Position: (286.51078471976825, 226.55669472946886)
Vitesse roue droite: 0
Vitesse roue gauche: 50

2024-03-23 18:40:21,060 - MVC.modele.simulation - INFO - temps utilise 0.0
2024-03-23 18:40:21,071 - MVC.modele.simulation - INFO - Position: (288.66880813639045, 227.8188099909685)
Vitesse roue droite: 0
Vitesse roue gauche: 50

2024-03-23 18:40:21,071 - MVC.modele.simulation - INFO - temps utilise 0.0
2024-03-23 18:40:21,082 - MVC.modele.simulation - INFO - Position: (290.69004914593944, 229.29006278410688)
Vitesse roue droite: 0
Vitesse roue gauche: 50

2024-03-23 18:40:21,082 - MVC.modele.simulation - INFO - temps utilise 0.0
2024-03-23 18:40:21,093 - MVC.modele.simulation - INFO - Position: (292.55431217638125, 230.95575283730645)
Vitesse roue droite: 0
Vitesse roue gauche: 50

2024-03-23 18:40:21,093 - MVC.modele.simulation - INFO - temps utilise 0.0
2024-03-23 18:40:21,103 - MVC.modele.simulation - INFO - Position: (294.2429701277591, 232.79923712615957)
Vitesse roue droite: 0
Vitesse roue gauche: 50

2024-03-23 18:40:21,103 - MVC.modele.simulation - INFO - temps utilise 8.678436279296875e-05
2024-03-23 18:40:21,114 - MVC.modele.simulation - INFO - Position: (295.739150488019, 234.8020961650269)
Vitesse roue droite: 0
Vitesse roue gauche: 50

2024-03-23 18:40:21,114 - MVC.modele.simulation - INFO - temps utilise 7.367134094238281e-05
2024-03-23 18:40:21,125 - MVC.modele.simulation - INFO - Position: (297.02790391757264, 236.94431804844928)
Vitesse roue droite: 0
Vitesse roue gauche: 50

2024-03-23 18:40:21,125 - MVC.modele.simulation - INFO - temps utilise 0.0
2024-03-23 18:40:21,135 - MVC.modele.simulation - INFO - Position: (298.0963536181572, 239.20449840349193)
Vitesse roue droite: 0
Vitesse roue gauche: 50

2024-03-23 18:40:21,135 - MVC.modele.simulation - INFO - temps utilise 0.0
2024-03-23 18:40:21,146 - MVC.modele.simulation - INFO - Position: (298.933823993547, 241.56005425516358)
Vitesse roue droite: 0
Vitesse roue gauche: 50

2024-03-23 18:40:21,146 - MVC.modele.simulation - INFO - temps utilise 0.00010848045349121094
2024-03-23 18:40:21,157 - MVC.modele.simulation - INFO - Position: (299.5319473165819, 243.98744966803756)
Vitesse roue droite: 0
Vitesse roue gauche: 50

2024-03-23 18:40:21,157 - MVC.modele.simulation - INFO - temps utilise 0.0
2024-03-23 18:40:21,167 - MVC.modele.simulation - INFO - Position: (299.8847473367316, 246.46243090953868)
Vitesse roue droite: 0
Vitesse roue gauche: 50

2024-03-23 18:40:21,167 - MVC.modele.simulation - INFO - temps utilise 0.0
2024-03-23 18:40:21,178 - MVC.modele.simulation - INFO - Position: (299.9886989928148, 248.96026878522187)
Vitesse roue droite: 0
Vitesse roue gauche: 50

2024-03-23 18:40:21,178 - MVC.modele.simulation - INFO - temps utilise 0.0
2024-03-23 18:40:21,189 - MVC.modele.simulation - INFO - Position: (299.84276363424584, 251.45600572470875)
Vitesse roue droite: 0
Vitesse roue gauche: 50

2024-03-23 18:40:21,189 - MVC.modele.simulation - INFO - temps utilise 0.0
2024-03-23 18:40:21,199 - MVC.modele.simulation - INFO - Position: (299.4483993988877, 253.9247051494809)
Vitesse roue droite: 0
Vitesse roue gauche: 50

2024-03-23 18:40:21,199 - MVC.modele.simulation - INFO - temps utilise 8.082389831542969e-05
2024-03-23 18:40:21,210 - MVC.modele.simulation - INFO - Position: (298.8095466438206, 256.34170063092955)
Vitesse roue droite: 0
Vitesse roue gauche: 50

2024-03-23 18:40:21,210 - MVC.modele.simulation - INFO - temps utilise 0.0
2024-03-23 18:40:21,220 - MVC.modele.simulation - INFO - Position: (297.9325885745966, 258.68284234915654)
Vitesse roue droite: 0
Vitesse roue gauche: 50

2024-03-23 18:40:21,220 - MVC.modele.simulation - INFO - temps utilise 0.0
2024-03-23 18:40:21,231 - MVC.modele.simulation - INFO - Position: (296.8262874663595, 260.9247383899919)
Vitesse roue droite: 0
Vitesse roue gauche: 50

2024-03-23 18:40:21,231 - MVC.modele.simulation - INFO - temps utilise 0.0
2024-03-23 18:40:21,242 - MVC.modele.simulation - INFO - Position: (295.50169711408824, 263.0449884692679)
Vitesse roue droite: 0
Vitesse roue gauche: 50

2024-03-23 18:40:21,242 - MVC.modele.simulation - INFO - temps utilise 6.008148193359375e-05
2024-03-23 18:40:21,252 - MVC.modele.simulation - INFO - Position: (293.97205238673143, 265.0224077490539)
Vitesse roue droite: 0
Vitesse roue gauche: 50

2024-03-23 18:40:21,252 - MVC.modele.simulation - INFO - temps utilise 6.29425048828125e-05
2024-03-23 18:40:21,263 - MVC.modele.simulation - INFO - Position: (292.2526369887715, 266.83723850955425)
Vitesse roue droite: 0
Vitesse roue gauche: 50

2024-03-23 18:40:21,263 - MVC.modele.simulation - INFO - temps utilise 0.0
2024-03-23 18:40:21,273 - MVC.modele.simulation - INFO - Position: (290.3606307505017, 268.4713475617133)
Vitesse roue droite: 0
Vitesse roue gauche: 50

2024-03-23 18:40:21,274 - MVC.modele.simulation - INFO - temps utilise 0.0005071163177490234
2024-03-23 18:40:21,284 - MVC.modele.simulation - INFO - Position: (288.31493797284065, 269.9084074280465)
Vitesse roue droite: 0
Vitesse roue gauche: 50

2024-03-23 18:40:21,284 - MVC.modele.simulation - INFO - temps utilise 0.0
2024-03-23 18:40:21,294 - MVC.modele.simulation - INFO - Position: (286.13599854180666, 271.1340594813982)
Vitesse roue droite: 0
Vitesse roue gauche: 50

2024-03-23 18:40:21,294 - MVC.modele.simulation - INFO - temps utilise 0.0
2024-03-23 18:40:21,305 - MVC.modele.simulation - INFO - Position: (283.845583699933, 272.13605741159813)
Vitesse roue droite: 0
Vitesse roue gauche: 50

2024-03-23 18:40:21,305 - MVC.modele.simulation - INFO - temps utilise 0.0
2024-03-23 18:40:21,316 - MVC.modele.simulation - INFO - Position: (281.4665785152092, 272.9043895865442)
Vitesse roue droite: 0
Vitesse roue gauche: 50

2024-03-23 18:40:21,316 - MVC.modele.simulation - INFO - temps utilise 5.698204040527344e-05
2024-03-23 18:40:21,326 - MVC.modele.simulation - INFO - Position: (279.02275322104646, 273.43137908512114)
Vitesse roue droite: 0
Vitesse roue gauche: 50

2024-03-23 18:40:21,327 - MVC.modele.simulation - INFO - temps utilise 0.0003082752227783203
2024-03-23 18:40:21,337 - MVC.modele.simulation - INFO - Position: (276.5385257119628, 273.71176040245876)
Vitesse roue droite: 0
Vitesse roue gauche: 50

2024-03-23 18:40:21,337 - MVC.modele.simulation - INFO - temps utilise 0.0003437995910644531
2024-03-23 18:40:21,347 - MVC.modele.simulation - INFO - Position: (274.03871756805256, 273.742732061116)
Vitesse roue droite: 0
Vitesse roue gauche: 50

2024-03-23 18:40:21,347 - MVC.modele.simulation - INFO - temps utilise 0.0
2024-03-23 18:40:21,357 - MVC.modele.simulation - INFO - Position: (271.548306045963, 273.5239846025174)
Vitesse roue droite: 0
Vitesse roue gauche: 50

2024-03-23 18:40:21,357 - MVC.modele.simulation - INFO - temps utilise 0.0
2024-03-23 18:40:21,368 - MVC.modele.simulation - INFO - Position: (269.09217451440213, 273.05770367896093)
Vitesse roue droite: 0
Vitesse roue gauche: 50

2024-03-23 18:40:21,368 - MVC.modele.simulation - INFO - temps utilise 0.00010561943054199219
2024-03-23 18:40:21,379 - MVC.modele.simulation - INFO - Position: (266.6948638277443, 272.34854821530286)
Vitesse roue droite: 0
Vitesse roue gauche: 50

2024-03-23 18:40:21,379 - MVC.modele.simulation - INFO - temps utilise 0.00039696693420410156
2024-03-23 18:40:21,389 - MVC.modele.simulation - INFO - Position: (264.380327121925, 271.4036038585204)
Vitesse roue droite: 0
Vitesse roue gauche: 50

2024-03-23 18:40:21,389 - MVC.modele.simulation - INFO - temps utilise 0.0
2024-03-23 18:40:21,400 - MVC.modele.simulation - INFO - Position: (262.1716904826246, 270.23231218026945)
Vitesse roue droite: 0
Vitesse roue gauche: 50

2024-03-23 18:40:21,400 - MVC.modele.simulation - INFO - temps utilise 0.0
2024-03-23 18:40:21,411 - MVC.modele.simulation - INFO - Position: (260.09102187706486, 268.8463763398215)
Vitesse roue droite: 0
Vitesse roue gauche: 50

2024-03-23 18:40:21,411 - MVC.modele.simulation - INFO - temps utilise 0.0
2024-03-23 18:40:21,422 - MVC.modele.simulation - INFO - Position: (258.1591106581749, 267.2596441499649)
Vitesse roue droite: 0
Vitesse roue gauche: 50

2024-03-23 18:40:21,422 - MVC.modele.simulation - INFO - temps utilise 0.0001850128173828125
2024-03-23 18:40:21,432 - MVC.modele.simulation - INFO - Position: (256.3952598442489, 265.4879697142368)
Vitesse roue droite: 0
Vitesse roue gauche: 50

2024-03-23 18:40:21,432 - MVC.modele.simulation - INFO - temps utilise 0.0
2024-03-23 18:40:21,443 - MVC.modele.simulation - INFO - Position: (254.81709324956813, 263.54905501796117)
Vitesse roue droite: 0
Vitesse roue gauche: 50

2024-03-23 18:40:21,443 - MVC.modele.simulation - INFO - temps utilise 0.0
2024-03-23 18:40:21,454 - MVC.modele.simulation - INFO - Position: (253.44037939307404, 261.46227305586325)
Vitesse roue droite: 0
Vitesse roue gauche: 50

2024-03-23 18:40:21,454 - MVC.modele.simulation - INFO - temps utilise 0.0
2024-03-23 18:40:21,465 - MVC.modele.simulation - INFO - Position: (252.27887394453964, 259.24847426350993)
Vitesse roue droite: 0
Vitesse roue gauche: 50

2024-03-23 18:40:21,465 - MVC.modele.simulation - INFO - temps utilise 0.0
2024-03-23 18:40:21,476 - MVC.modele.simulation - INFO - Position: (251.34418228246406, 256.92977818664986)
Vitesse roue droite: 0
Vitesse roue gauche: 50

2024-03-23 18:40:21,476 - MVC.modele.simulation - INFO - temps utilise 0.0
2024-03-23 18:40:21,486 - MVC.modele.simulation - INFO - Position: (250.64564353696676, 254.52935247002395)
Vitesse roue droite: 0
Vitesse roue gauche: 50

2024-03-23 18:40:21,486 - MVC.modele.simulation - INFO - temps utilise 0.0
2024-03-23 18:40:21,497 - MVC.modele.simulation - INFO - Position: (250.19023727628652, 252.07118137391748)
Vitesse roue droite: 0
Vitesse roue gauche: 50

2024-03-23 18:40:21,497 - MVC.modele.simulation - INFO - temps utilise 0.0
2024-03-23 18:40:21,508 - MVC.modele.simulation - INFO - Position: (249.9825137692428, 249.57982613135943)
Vitesse roue droite: 0
Vitesse roue gauche: 50

2024-03-23 18:40:21,508 - MVC.modele.simulation - INFO - temps utilise 0.0
2024-03-23 18:40:21,519 - MVC.modele.simulation - INFO - Position: (250.02454852045366, 247.08017954040088)
Vitesse roue droite: 0
Vitesse roue gauche: 50

2024-03-23 18:40:21,519 - MVC.modele.simulation - INFO - temps utilise 0.0
2024-03-23 18:40:21,530 - MVC.modele.simulation - INFO - Position: (250.3159215325799, 244.59721724350538)
Vitesse roue droite: 0
Vitesse roue gauche: 50

2024-03-23 18:40:21,530 - MVC.modele.simulation - INFO - temps utilise 0.0
2024-03-23 18:40:21,540 - MVC.modele.simulation - INFO - Position: (250.85372150279943, 242.15574817918534)
Vitesse roue droite: 0
Vitesse roue gauche: 50

2024-03-23 18:40:21,540 - MVC.modele.simulation - INFO - temps utilise 0.0
2024-03-23 18:40:21,551 - MVC.modele.simulation - INFO - Position: (251.63257491158288, 239.78016669928903)
Vitesse roue droite: 0
Vitesse roue gauche: 50

2024-03-23 18:40:21,551 - MVC.modele.simulation - INFO - temps utilise 5.7697296142578125e-05
2024-03-23 18:40:21,561 - MVC.modele.simulation - INFO - Position: (252.64469971312437, 237.49420882870072)
Vitesse roue droite: 0
Vitesse roue gauche: 50

2024-03-23 18:40:21,561 - MVC.modele.simulation - INFO - temps utilise 0.0
2024-03-23 18:40:21,572 - MVC.modele.simulation - INFO - Position: (253.87998309097088, 235.32071510282617)
Vitesse roue droite: 0
Vitesse roue gauche: 50

2024-03-23 18:40:21,572 - MVC.modele.simulation - INFO - temps utilise 0.0
2024-03-23 18:40:21,583 - MVC.modele.simulation - INFO - Position: (255.32608250194139, 233.28140235251277)
Vitesse roue droite: 0
Vitesse roue gauche: 50

2024-03-23 18:40:21,583 - MVC.modele.simulation - INFO - temps utilise 0.0
2024-03-23 18:40:21,593 - MVC.modele.simulation - INFO - Position: (256.96854899873836, 231.39664671665452)
Vitesse roue droite: 0
Vitesse roue gauche: 50

2024-03-23 18:40:21,593 - MVC.modele.simulation - INFO - temps utilise 0.0002410411834716797
2024-03-23 18:40:21,604 - MVC.modele.simulation - INFO - Position: (258.790971599053, 229.6852800505475)
Vitesse roue droite: 0
Vitesse roue gauche: 50

2024-03-23 18:40:21,604 - MVC.modele.simulation - INFO - temps utilise 0.0
2024-03-23 18:40:21,614 - MVC.modele.simulation - INFO - Position: (260.7751412586759, 228.16440176421688)
Vitesse roue droite: 0
Vitesse roue gauche: 50

2024-03-23 18:40:21,614 - MVC.modele.simulation - INFO - temps utilise 0.0
2024-03-23 18:40:21,625 - MVC.modele.simulation - INFO - Position: (262.9012328102473, 226.84920797076413)
Vitesse roue droite: 0
Vitesse roue gauche: 50

2024-03-23 18:40:21,625 - MVC.modele.simulation - INFO - temps utilise 0.0
2024-03-23 18:40:21,636 - MVC.modele.simulation - INFO - Position: (265.1480030497763, 225.75283965182814)
Vitesse roue droite: 0
Vitesse roue gauche: 50

2024-03-23 18:40:21,636 - MVC.modele.simulation - INFO - temps utilise 0.00015783309936523438
2024-03-23 18:40:21,648 - MVC.modele.simulation - INFO - Position: (267.4930029917132, 224.88625135724058)
Vitesse roue droite: 0
Vitesse roue gauche: 50

2024-03-23 18:40:21,648 - MVC.modele.simulation - INFO - temps utilise 8.511543273925781e-05
2024-03-23 18:40:21,658 - MVC.modele.simulation - INFO - Position: (269.9128021717919, 224.25810175078496)
Vitesse roue droite: 0
Vitesse roue gauche: 50

2024-03-23 18:40:21,658 - MVC.modele.simulation - INFO - temps utilise 0.0
2024-03-23 18:40:21,670 - MVC.modele.simulation - INFO - Position: (272.3832227564844, 223.8746670956903)
Vitesse roue droite: 0
Vitesse roue gauche: 50

2024-03-23 18:40:21,670 - MVC.modele.simulation - INFO - temps utilise 0.0
2024-03-23 18:40:21,681 - MVC.modele.simulation - INFO - Position: (274.8795811199209, 223.7397785442837)
Vitesse roue droite: 0
Vitesse roue gauche: 50

2024-03-23 18:40:21,681 - MVC.modele.simulation - INFO - temps utilise 0.00032591819763183594
2024-03-23 18:40:21,691 - MVC.modele.simulation - INFO - Position: (277.37693447452034, 223.85478385838255)
Vitesse roue droite: 0
Vitesse roue gauche: 50

2024-03-23 18:40:21,691 - MVC.modele.simulation - INFO - temps utilise 0.0
2024-03-23 18:40:21,702 - MVC.modele.simulation - INFO - Position: (279.8503300910788, 224.2185339429041)
Vitesse roue droite: 0
Vitesse roue gauche: 50

2024-03-23 18:40:21,703 - MVC.modele.simulation - INFO - temps utilise 0.000240325927734375
2024-03-23 18:40:21,713 - MVC.modele.simulation - INFO - Position: (282.27505461819146, 224.82739432724358)
Vitesse roue droite: 0
Vitesse roue gauche: 50

2024-03-23 18:40:21,713 - MVC.modele.simulation - INFO - temps utilise 0.0
2024-03-23 18:40:21,724 - MVC.modele.simulation - INFO - Position: (284.6268810098909, 225.6752814797032)
Vitesse roue droite: 0
Vitesse roue gauche: 50

2024-03-23 18:40:21,724 - MVC.modele.simulation - INFO - temps utilise 0.0
2024-03-23 18:40:21,735 - MVC.modele.simulation - INFO - Position: (286.88231059428165, 226.75372359212975)
Vitesse roue droite: 0
Vitesse roue gauche: 50

2024-03-23 18:40:21,736 - MVC.modele.simulation - INFO - temps utilise 0.0005099773406982422
2024-03-23 18:40:21,746 - MVC.modele.simulation - INFO - Position: (289.0188078645023, 228.05194522742147)
Vitesse roue droite: 0
Vitesse roue gauche: 50

2024-03-23 18:40:21,746 - MVC.modele.simulation - INFO - temps utilise 0.0
2024-03-23 18:40:21,757 - MVC.modele.simulation - INFO - Position: (291.015025646061, 229.55697498413355)
Vitesse roue droite: 0
Vitesse roue gauche: 50

2024-03-23 18:40:21,757 - MVC.modele.simulation - INFO - temps utilise 0.0
2024-03-23 18:40:21,768 - MVC.modele.simulation - INFO - Position: (292.8510183907463, 231.2537751024336)
Vitesse roue droite: 0
Vitesse roue gauche: 50

2024-03-23 18:40:21,768 - MVC.modele.simulation - INFO - temps utilise 0.0003409385681152344
2024-03-23 18:40:21,778 - MVC.modele.simulation - INFO - Position: (294.5084414659517, 233.1253917164271)
Vitesse roue droite: 0
Vitesse roue gauche: 50

2024-03-23 18:40:21,778 - MVC.modele.simulation - INFO - temps utilise 0.0
2024-03-23 18:40:21,789 - MVC.modele.simulation - INFO - Position: (295.97073444818113, 235.15312425158123)
Vitesse roue droite: 0
Vitesse roue gauche: 50

2024-03-23 18:40:21,789 - MVC.modele.simulation - INFO - temps utilise 0.0
2024-03-23 18:40:21,799 - MVC.modele.simulation - INFO - Position: (297.2232865893258, 237.31671227468402)
Vitesse roue droite: 0
Vitesse roue gauche: 50

2024-03-23 18:40:21,799 - MVC.modele.simulation - INFO - temps utilise 0.0
2024-03-23 18:40:21,810 - MVC.modele.simulation - INFO - Position: (298.25358280243023, 239.59453792939573)
Vitesse roue droite: 0
Vitesse roue gauche: 50

2024-03-23 18:40:21,810 - MVC.modele.simulation - INFO - temps utilise 0.0
2024-03-23 18:40:21,820 - MVC.modele.simulation - INFO - Position: (299.05132870830363, 241.96384193472352)
Vitesse roue droite: 0
Vitesse roue gauche: 50

2024-03-23 18:40:21,820 - MVC.modele.simulation - INFO - temps utilise 0.0
2024-03-23 18:40:21,831 - MVC.modele.simulation - INFO - Position: (299.60855349355427, 244.40095098823392)
Vitesse roue droite: 0
Vitesse roue gauche: 50

2024-03-23 18:40:21,831 - MVC.modele.simulation - INFO - temps utilise 0.0
2024-03-23 18:40:21,842 - MVC.modele.simulation - INFO - Position: (299.9196895523219, 246.88151430186542)
Vitesse roue droite: 0
Vitesse roue gauche: 50

2024-03-23 18:40:21,842 - MVC.modele.simulation - INFO - temps utilise 0.0
2024-03-23 18:40:21,853 - MVC.modele.simulation - INFO - Position: (299.98162811595535, 249.38074690695345)
Vitesse roue droite: 0
Vitesse roue gauche: 50

2024-03-23 18:40:21,853 - MVC.modele.simulation - INFO - temps utilise 0.0
2024-03-23 18:40:21,864 - MVC.modele.simulation - INFO - Position: (299.79375031480083, 251.8736772974444)
Vitesse roue droite: 0
Vitesse roue gauche: 50

2024-03-23 18:40:21,864 - MVC.modele.simulation - INFO - temps utilise 0.0
2024-03-23 18:40:21,875 - MVC.modele.simulation - INFO - Position: (299.3579333617434, 254.33539693692973)
Vitesse roue droite: 0
Vitesse roue gauche: 50

2024-03-23 18:40:21,875 - MVC.modele.simulation - INFO - temps utilise 0.0
2024-03-23 18:40:21,886 - MVC.modele.simulation - INFO - Position: (298.678531795716, 256.741309136508)
Vitesse roue droite: 0
Vitesse roue gauche: 50

2024-03-23 18:40:21,887 - MVC.modele.simulation - INFO - temps utilise 0.0001900196075439453
2024-03-23 18:40:21,897 - MVC.modele.simulation - INFO - Position: (297.7623339725862, 259.06737481676987)
Vitesse roue droite: 0
Vitesse roue gauche: 50

2024-03-23 18:40:21,897 - MVC.modele.simulation - INFO - temps utilise 0.0
2024-03-23 18:40:21,908 - MVC.modele.simulation - INFO - Position: (296.6184942381479, 261.29035269833327)
Vitesse roue droite: 0
Vitesse roue gauche: 50

2024-03-23 18:40:21,908 - MVC.modele.simulation - INFO - temps utilise 0.0
2024-03-23 18:40:21,919 - MVC.modele.simulation - INFO - Position: (295.2584414609245, 263.3880315210244)
Vitesse roue droite: 0
Vitesse roue gauche: 50

2024-03-23 18:40:21,919 - MVC.modele.simulation - INFO - temps utilise 0.0
2024-03-23 18:40:21,930 - MVC.modele.simulation - INFO - Position: (293.69576483869224, 265.3394519714474)
Vitesse roue droite: 0
Vitesse roue gauche: 50

2024-03-23 18:40:21,930 - MVC.modele.simulation - INFO - temps utilise 0.0
2024-03-23 18:40:21,940 - MVC.modele.simulation - INFO - Position: (291.9460781197084, 267.12511610151535)
Vitesse roue droite: 0
Vitesse roue gauche: 50

2024-03-23 18:40:21,940 - MVC.modele.simulation - INFO - temps utilise 0.0
2024-03-23 18:40:21,951 - MVC.modele.simulation - INFO - Position: (290.0268635952994, 268.7271821455028)
Vitesse roue droite: 0
Vitesse roue gauche: 50

2024-03-23 18:40:21,951 - MVC.modele.simulation - INFO - temps utilise 0.0
2024-03-23 18:40:21,961 - MVC.modele.simulation - INFO - Position: (287.95729742258527, 270.1296427890709)
Vitesse roue droite: 0
Vitesse roue gauche: 50

2024-03-23 18:40:21,961 - MVC.modele.simulation - INFO - temps utilise 0.0
2024-03-23 18:40:21,972 - MVC.modele.simulation - INFO - Position: (285.7580580226561, 271.3184851090609)
Vitesse roue droite: 0
Vitesse roue gauche: 50

2024-03-23 18:40:21,972 - MVC.modele.simulation - INFO - temps utilise 0.0
2024-03-23 18:40:21,982 - MVC.modele.simulation - INFO - Position: (283.4511194686241, 272.28183058599046)
Vitesse roue droite: 0
Vitesse roue gauche: 50

2024-03-23 18:40:21,982 - MVC.modele.simulation - INFO - temps utilise 0.0
2024-03-23 18:40:21,993 - MVC.modele.simulation - INFO - Position: (281.0595319279486, 273.0100537902938)
Vitesse roue droite: 0
Vitesse roue gauche: 50

2024-03-23 18:40:21,993 - MVC.modele.simulation - INFO - temps utilise 0.0
2024-03-23 18:40:22,004 - MVC.modele.simulation - INFO - Position: (278.6071913527824, 273.4958785564321)
Vitesse roue droite: 0
Vitesse roue gauche: 50

2024-03-23 18:40:22,004 - MVC.modele.simulation - INFO - temps utilise 0.0
2024-03-23 18:40:22,015 - MVC.modele.simulation - INFO - Position: (276.11860071951645, 273.7344506839345)
Vitesse roue droite: 0
Vitesse roue gauche: 50

2024-03-23 18:40:22,015 - MVC.modele.simulation - INFO - temps utilise 0.0
2024-03-23 18:40:22,026 - MVC.modele.simulation - INFO - Position: (273.6186252031397, 273.7233864389643)
Vitesse roue droite: 0
Vitesse roue gauche: 50

2024-03-23 18:40:22,026 - MVC.modele.simulation - INFO - temps utilise 0.0
2024-03-23 18:40:22,036 - MVC.modele.simulation - INFO - Position: (271.1322437326297, 273.4627963718001)
Vitesse roue droite: 0
Vitesse roue gauche: 50

2024-03-23 18:40:22,036 - MVC.modele.simulation - INFO - temps utilise 0.0
2024-03-23 18:40:22,047 - MVC.modele.simulation - INFO - Position: (268.6842994097514, 272.9552842122532)
Vitesse roue droite: 0
Vitesse roue gauche: 50

2024-03-23 18:40:22,047 - MVC.modele.simulation - INFO - temps utilise 0.0
2024-03-23 18:40:22,058 - MVC.modele.simulation - INFO - Position: (266.2992512849962, 272.20592085406065)
Vitesse roue droite: 0
Vitesse roue gauche: 50

2024-03-23 18:40:22,058 - MVC.modele.simulation - INFO - temps utilise 0.0
2024-03-23 18:40:22,068 - MVC.modele.simulation - INFO - Position: (264.00092997083453, 271.22219368819094)
Vitesse roue droite: 0
Vitesse roue gauche: 50

2024-03-23 18:40:22,068 - MVC.modele.simulation - INFO - temps utilise 0.0
2024-03-23 18:40:22,079 - MVC.modele.simulation - INFO - Position: (261.8122995341135, 270.01393179130844)
Vitesse roue droite: 0
Vitesse roue gauche: 50

2024-03-23 18:40:22,079 - MVC.modele.simulation - INFO - temps utilise 0.0
2024-03-23 18:40:22,089 - MVC.modele.simulation - INFO - Position: (259.75522804669174, 268.5932077168885)
Vitesse roue droite: 0
Vitesse roue gauche: 50

2024-03-23 18:40:22,089 - MVC.modele.simulation - INFO - temps utilise 0.0
2024-03-23 18:40:22,100 - MVC.modele.simulation - INFO - Position: (257.8502690868942, 266.9742168702538)
Vitesse roue droite: 0
Vitesse roue gauche: 50

2024-03-23 18:40:22,100 - MVC.modele.simulation - INFO - temps utilise 0.0
2024-03-23 18:40:22,111 - MVC.modele.simulation - INFO - Position: (256.1164563749514, 265.1731356727767)
Vitesse roue droite: 0
Vitesse roue gauche: 50

2024-03-23 18:40:22,111 - MVC.modele.simulation - INFO - temps utilise 0.0
2024-03-23 18:40:22,122 - MVC.modele.simulation - INFO - Position: (254.5711135943588, 263.2079599324241)
Vitesse roue droite: 0
Vitesse roue gauche: 50

2024-03-23 18:40:22,122 - MVC.modele.simulation - INFO - temps utilise 0.0
2024-03-23 18:40:22,133 - MVC.modele.simulation - INFO - Position: (253.2296812993577, 261.0983250355929)
Vitesse roue droite: 0
Vitesse roue gauche: 50

2024-03-23 18:40:22,133 - MVC.modele.simulation - INFO - temps utilise 0.0
2024-03-23 18:40:22,143 - MVC.modele.simulation - INFO - Position: (252.1055626380212, 258.86530975681956)
Vitesse roue droite: 0
Vitesse roue gauche: 50

2024-03-23 18:40:22,143 - MVC.modele.simulation - INFO - temps utilise 0.0
2024-03-23 18:40:22,154 - MVC.modele.simulation - INFO - Position: (251.20998943242915, 256.53122564663295)
Vitesse roue droite: 0
Vitesse roue gauche: 50

2024-03-23 18:40:22,154 - MVC.modele.simulation - INFO - temps utilise 0.0
2024-03-23 18:40:22,165 - MVC.modele.simulation - INFO - Position: (250.55190995401466, 254.1193941019164)
Vitesse roue droite: 0
Vitesse roue gauche: 50

2024-03-23 18:40:22,165 - MVC.modele.simulation - INFO - temps utilise 0.0
2024-03-23 18:40:22,176 - MVC.modele.simulation - INFO - Position: (250.13789951539388, 251.65391334621924)
Vitesse roue droite: 0
Vitesse roue gauche: 50

2024-03-23 18:40:22,176 - MVC.modele.simulation - INFO - temps utilise 0.0
2024-03-23 18:40:22,186 - MVC.modele.simulation - INFO - Position: (249.97209477201588, 249.15941764827278)
Vitesse roue droite: 0
Vitesse roue gauche: 50

2024-03-23 18:40:22,186 - MVC.modele.simulation - INFO - temps utilise 5.698204040527344e-05
2024-03-23 18:40:22,197 - MVC.modele.simulation - INFO - Position: (250.05615239006872, 246.66083118452028)
Vitesse roue droite: 0
Vitesse roue gauche: 50

2024-03-23 18:40:22,197 - MVC.modele.simulation - INFO - temps utilise 0.0
2024-03-23 18:40:22,208 - MVC.modele.simulation - INFO - Position: (250.38923249361858, 244.18311900498463)
Vitesse roue droite: 0
Vitesse roue gauche: 50

2024-03-23 18:40:22,208 - MVC.modele.simulation - INFO - temps utilise 0.0
2024-03-23 18:40:22,218 - MVC.modele.simulation - INFO - Position: (250.96800705637244, 241.75103759074105)
Vitesse roue droite: 0
Vitesse roue gauche: 50

2024-03-23 18:40:22,218 - MVC.modele.simulation - INFO - temps utilise 0.0
2024-03-23 18:40:22,228 - MVC.modele.simulation - INFO - Position: (251.7866931542167, 239.3888874953414)
Vitesse roue droite: 0
Vitesse roue gauche: 50

2024-03-23 18:40:22,228 - MVC.modele.simulation - INFO - temps utilise 0.0
2024-03-23 18:40:22,239 - MVC.modele.simulation - INFO - Position: (252.83711074628332, 237.1202705417159)
Vitesse roue droite: 0
Vitesse roue gauche: 50

2024-03-23 18:40:22,239 - MVC.modele.simulation - INFO - temps utilise 0.0
2024-03-23 18:40:22,250 - MVC.modele.simulation - INFO - Position: (254.10876440721427, 234.96785400056015)
Vitesse roue droite: 0
Vitesse roue gauche: 50

2024-03-23 18:40:22,250 - MVC.modele.simulation - INFO - temps utilise 0.0001995563507080078
2024-03-23 18:40:22,261 - MVC.modele.simulation - INFO - Position: (255.58894819398233, 232.95314410645904)
Vitesse roue droite: 0
Vitesse roue gauche: 50

2024-03-23 18:40:22,261 - MVC.modele.simulation - INFO - temps utilise 0.0
2024-03-23 18:40:22,271 - MVC.modele.simulation - INFO - Position: (257.26287259947384, 231.09627117469987)
Vitesse roue droite: 0
Vitesse roue gauche: 50

2024-03-23 18:40:22,271 - MVC.modele.simulation - INFO - temps utilise 0.0
2024-03-23 18:40:22,282 - MVC.modele.simulation - INFO - Position: (259.11381232435497, 229.4157884658162)
Vitesse roue droite: 0
Vitesse roue gauche: 50

2024-03-23 18:40:22,282 - MVC.modele.simulation - INFO - temps utilise 0.0
2024-03-23 18:40:22,293 - MVC.modele.simulation - INFO - Position: (261.123273390734, 227.92848680754147)
Vitesse roue droite: 0
Vitesse roue gauche: 50

2024-03-23 18:40:22,293 - MVC.modele.simulation - INFO - temps utilise 0.0
2024-03-23 18:40:22,303 - MVC.modele.simulation - INFO - Position: (263.27117792787527, 226.6492268264086)
Vitesse roue droite: 0
Vitesse roue gauche: 50

2024-03-23 18:40:22,303 - MVC.modele.simulation - INFO - temps utilise 0.0
2024-03-23 18:40:22,314 - MVC.modele.simulation - INFO - Position: (265.53606478364645, 225.59079046528194)
Vitesse roue droite: 0
Vitesse roue gauche: 50

2024-03-23 18:40:22,314 - MVC.modele.simulation - INFO - temps utilise 0.0
2024-03-23 18:40:22,325 - MVC.modele.simulation - INFO - Position: (267.8953039572567, 224.76375327040932)
Vitesse roue droite: 0
Vitesse roue gauche: 50

2024-03-23 18:40:22,325 - MVC.modele.simulation - INFO - temps utilise 0.0
2024-03-23 18:40:22,335 - MVC.modele.simulation - INFO - Position: (270.32532271074416, 224.17637872405976)
Vitesse roue droite: 0
Vitesse roue gauche: 50

2024-03-23 18:40:22,335 - MVC.modele.simulation - INFO - temps utilise 0.00011897087097167969
2024-03-23 18:40:22,346 - MVC.modele.simulation - INFO - Position: (272.80184109998135, 223.8345356785402)
Vitesse roue droite: 0
Vitesse roue gauche: 50

2024-03-23 18:40:22,346 - MVC.modele.simulation - INFO - temps utilise 0.0
2024-03-23 18:40:22,357 - MVC.modele.simulation - INFO - Position: (275.30011457185117, 223.74163971656313)
Vitesse roue droite: 0
Vitesse roue gauche: 50

2024-03-23 18:40:22,357 - MVC.modele.simulation - INFO - temps utilise 0.0
2024-03-23 18:40:22,367 - MVC.modele.simulation - INFO - Position: (277.7951812036421, 223.89861902387335)
Vitesse roue droite: 0
Vitesse roue gauche: 50

2024-03-23 18:40:22,367 - MVC.modele.simulation - INFO - temps utilise 0.0
2024-03-23 18:40:22,378 - MVC.modele.simulation - INFO - Position: (280.2621111143286, 224.30390511512266)
Vitesse roue droite: 0
Vitesse roue gauche: 50

2024-03-23 18:40:22,378 - MVC.modele.simulation - INFO - temps utilise 0.0
2024-03-23 18:40:22,389 - MVC.modele.simulation - INFO - Position: (282.6762555557018, 224.95344850565706)
Vitesse roue droite: 0
Vitesse roue gauche: 50

2024-03-23 18:40:22,389 - MVC.modele.simulation - INFO - temps utilise 0.0
2024-03-23 18:40:22,400 - MVC.modele.simulation - INFO - Position: (285.0134931945135, 225.84075917262882)
Vitesse roue droite: 0
Vitesse roue gauche: 50

2024-03-23 18:40:22,400 - MVC.modele.simulation - INFO - temps utilise 0.00015735626220703125
2024-03-23 18:40:22,410 - MVC.modele.simulation - INFO - Position: (287.25047112486476, 226.9569714011595)
Vitesse roue droite: 0
Vitesse roue gauche: 50

2024-03-23 18:40:22,410 - MVC.modele.simulation - INFO - temps utilise 0.0
2024-03-23 18:40:22,421 - MVC.modele.simulation - INFO - Position: (289.36483820272207, 228.2909323676323)
Vitesse roue droite: 0
Vitesse roue gauche: 50

2024-03-23 18:40:22,421 - MVC.modele.simulation - INFO - temps utilise 0.0
2024-03-23 18:40:22,432 - MVC.modele.simulation - INFO - Position: (291.33546837116035, 229.8293135750191)
Vitesse roue droite: 0
Vitesse roue gauche: 50

2024-03-23 18:40:22,432 - MVC.modele.simulation - INFO - temps utilise 0.0
2024-03-23 18:40:22,443 - MVC.modele.simulation - INFO - Position: (293.1426717449403, 231.55674402681694)
Vitesse roue droite: 0
Vitesse roue gauche: 50

2024-03-23 18:40:22,443 - MVC.modele.simulation - INFO - temps utilise 0.0
2024-03-23 18:40:22,453 - MVC.modele.simulation - INFO - Position: (294.7683913453331, 233.45596380896401)
Vitesse roue droite: 0
Vitesse roue gauche: 50

2024-03-23 18:40:22,453 - MVC.modele.simulation - INFO - temps utilise 0.0
2024-03-23 18:40:22,464 - MVC.modele.simulation - INFO - Position: (296.19638351948305, 235.50799654519568)
Vitesse roue droite: 0
Vitesse roue gauche: 50

2024-03-23 18:40:22,464 - MVC.modele.simulation - INFO - temps utilise 0.0
2024-03-23 18:40:22,475 - MVC.modele.simulation - INFO - Position: (297.41238024161754, 237.69233900272337)
Vitesse roue droite: 0
Vitesse roue gauche: 50

2024-03-23 18:40:22,475 - MVC.modele.simulation - INFO - temps utilise 0.0
2024-03-23 18:40:22,486 - MVC.modele.simulation - INFO - Position: (298.4042316744441, 239.9871659537591)
Vitesse roue droite: 0
Vitesse roue gauche: 50

2024-03-23 18:40:22,486 - MVC.modele.simulation - INFO - temps utilise 0.0
2024-03-23 18:40:22,496 - MVC.modele.simulation - INFO - Position: (299.1620275663083, 242.36954824597706)
Vitesse roue droite: 0
Vitesse roue gauche: 50

2024-03-23 18:40:22,496 - MVC.modele.simulation - INFO - temps utilise 0.0
2024-03-23 18:40:22,507 - MVC.modele.simulation - INFO - Position: (299.6781962711528, 244.81568190302426)
Vitesse roue droite: 0
Vitesse roue gauche: 50

2024-03-23 18:40:22,507 - MVC.modele.simulation - INFO - temps utilise 0.0
2024-03-23 18:40:22,518 - MVC.modele.simulation - INFO - Position: (299.9475804019014, 247.3011259659838)
Vitesse roue droite: 0
Vitesse roue gauche: 50

2024-03-23 18:40:22,518 - MVC.modele.simulation - INFO - temps utilise 0.0
2024-03-23 18:40:22,529 - MVC.modele.simulation - INFO - Position: (299.96748836136624, 249.80104669935716)
Vitesse roue droite: 0
Vitesse roue gauche: 50

2024-03-23 18:40:22,529 - MVC.modele.simulation - INFO - temps utilise 5.269050598144531e-05
2024-03-23 18:40:22,540 - MVC.modele.simulation - INFO - Position: (299.73772123579704, 252.2904657215404)
Vitesse roue droite: 0
Vitesse roue gauche: 50

2024-03-23 18:40:22,540 - MVC.modele.simulation - INFO - temps utilise 0.0
2024-03-23 18:40:22,550 - MVC.modele.simulation - INFO - Position: (299.2605747823616, 254.74450958055635)
Vitesse roue droite: 0
Vitesse roue gauche: 50

2024-03-23 18:40:22,550 - MVC.modele.simulation - INFO - temps utilise 0.0
2024-03-23 18:40:22,561 - MVC.modele.simulation - INFO - Position: (298.5408164906989, 257.1386582813648)
Vitesse roue droite: 0
Vitesse roue gauche: 50

2024-03-23 18:40:22,561 - MVC.modele.simulation - INFO - temps utilise 0.0
2024-03-23 18:40:22,572 - MVC.modele.simulation - INFO - Position: (297.58563794773886, 259.44899028154765)
Vitesse roue droite: 0
Vitesse roue gauche: 50

2024-03-23 18:40:22,572 - MVC.modele.simulation - INFO - temps utilise 0.0
2024-03-23 18:40:22,583 - MVC.modele.simulation - INFO - Position: (296.4045829817427, 261.65242150745325)
Vitesse roue droite: 0
Vitesse roue gauche: 50

2024-03-23 18:40:22,583 - MVC.modele.simulation - INFO - temps utilise 0.0
2024-03-23 18:40:22,593 - MVC.modele.simulation - INFO - Position: (295.00945230352573, 263.7269360026299)
Vitesse roue droite: 0
Vitesse roue gauche: 50

2024-03-23 18:40:22,593 - MVC.modele.simulation - INFO - temps utilise 0.0
2024-03-23 18:40:22,604 - MVC.modele.simulation - INFO - Position: (293.41418559765583, 265.65180590398506)
Vitesse roue droite: 0
Vitesse roue gauche: 50

2024-03-23 18:40:22,604 - MVC.modele.simulation - INFO - temps utilise 0.0
2024-03-23 18:40:22,615 - MVC.modele.simulation - INFO - Position: (291.634722241733, 267.40779854774183)
Vitesse roue droite: 0
Vitesse roue gauche: 50

2024-03-23 18:40:22,615 - MVC.modele.simulation - INFO - temps utilise 0.0
2024-03-23 18:40:22,626 - MVC.modele.simulation - INFO - Position: (289.6888420453973, 268.9773686358578)
Vitesse roue droite: 0
Vitesse roue gauche: 50

2024-03-23 18:40:22,626 - MVC.modele.simulation - INFO - temps utilise 7.176399230957031e-05
2024-03-23 18:40:22,637 - MVC.modele.simulation - INFO - Position: (287.5959876003479, 270.34483354284333)
Vitesse roue droite: 0
Vitesse roue gauche: 50

2024-03-23 18:40:22,637 - MVC.modele.simulation - INFO - temps utilise 0.0
2024-03-23 18:40:22,648 - MVC.modele.simulation - INFO - Position: (285.3770700163941, 271.4965300113717)
Vitesse roue droite: 0
Vitesse roue gauche: 50

2024-03-23 18:40:22,648 - MVC.modele.simulation - INFO - temps utilise 0.0
2024-03-23 18:40:22,658 - MVC.modele.simulation - INFO - Position: (283.0542599845582, 272.42095067102963)
Vitesse roue droite: 0
Vitesse roue gauche: 50

2024-03-23 18:40:22,659 - MVC.modele.simulation - INFO - temps utilise 0.0
2024-03-23 18:40:22,670 - MVC.modele.simulation - INFO - Position: (280.6507662548593, 273.1088590161586)
Vitesse roue droite: 0
Vitesse roue gauche: 50

2024-03-23 18:40:22,670 - MVC.modele.simulation - INFO - temps utilise 0.0
2024-03-23 18:40:22,680 - MVC.modele.simulation - INFO - Position: (278.1906037421552, 273.5533816939664)
Vitesse roue droite: 0
Vitesse roue gauche: 50

2024-03-23 18:40:22,681 - MVC.modele.simulation - INFO - temps utilise 0.0006589889526367188
2024-03-23 18:40:22,691 - MVC.modele.simulation - INFO - Position: (275.6983535770512, 273.750077180796)
Vitesse roue droite: 0
Vitesse roue gauche: 50

2024-03-23 18:40:22,691 - MVC.modele.simulation - INFO - temps utilise 0.0
2024-03-23 18:40:22,702 - MVC.modele.simulation - INFO - Position: (273.1989174993687, 273.6969801603619)
Vitesse roue droite: 0
Vitesse roue gauche: 50

2024-03-23 18:40:22,702 - MVC.modele.simulation - INFO - temps utilise 0.0
2024-03-23 18:40:22,713 - MVC.modele.simulation - INFO - Position: (270.7172690481921, 273.3946211605407)
Vitesse roue droite: 0
Vitesse roue gauche: 50

2024-03-23 18:40:22,714 - MVC.modele.simulation - INFO - temps utilise 0.0006763935089111328
2024-03-23 18:40:22,724 - MVC.modele.simulation - INFO - Position: (268.2782040345217, 272.846021252512)
Vitesse roue droite: 0
Vitesse roue gauche: 50

2024-03-23 18:40:22,724 - MVC.modele.simulation - INFO - temps utilise 0.0
2024-03-23 18:40:22,735 - MVC.modele.simulation - INFO - Position: (265.9060927897264, 272.05666186521387)
Vitesse roue droite: 0
Vitesse roue gauche: 50

2024-03-23 18:40:22,735 - MVC.modele.simulation - INFO - temps utilise 0.0
2024-03-23 18:40:22,745 - MVC.modele.simulation - INFO - Position: (263.62463666524843, 271.03443001671667)
Vitesse roue droite: 0
Vitesse roue gauche: 50

2024-03-23 18:40:22,745 - MVC.modele.simulation - INFO - temps utilise 0.0
2024-03-23 18:40:22,756 - MVC.modele.simulation - INFO - Position: (261.4566312165345, 269.7895395097456)
Vitesse roue droite: 0
Vitesse roue gauche: 50

2024-03-23 18:40:22,756 - MVC.modele.simulation - INFO - temps utilise 0.0
2024-03-23 18:40:22,768 - MVC.modele.simulation - INFO - Position: (259.4237384373808, 268.3344288787403)
Vitesse roue droite: 0
Vitesse roue gauche: 50

2024-03-23 18:40:22,768 - MVC.modele.simulation - INFO - temps utilise 0.00033473968505859375
2024-03-23 18:40:22,779 - MVC.modele.simulation - INFO - Position: (257.5462703204516, 266.6836371081301)
Vitesse roue droite: 0
Vitesse roue gauche: 50

2024-03-23 18:40:22,779 - MVC.modele.simulation - INFO - temps utilise 0.00025534629821777344
2024-03-23 18:40:22,790 - MVC.modele.simulation - INFO - Position: (255.84298590656283, 264.85365836360774)
Vitesse roue droite: 0
Vitesse roue gauche: 50

2024-03-23 18:40:22,790 - MVC.modele.simulation - INFO - temps utilise 5.7697296142578125e-05
2024-03-23 18:40:22,801 - MVC.modele.simulation - INFO - Position: (254.33090385054712, 262.8627771878779)
Vitesse roue droite: 0
Vitesse roue gauche: 50

2024-03-23 18:40:22,801 - MVC.modele.simulation - INFO - temps utilise 0.0
2024-03-23 18:40:22,812 - MVC.modele.simulation - INFO - Position: (253.0251323764803, 260.7308858075507)
Vitesse roue droite: 0
Vitesse roue gauche: 50

2024-03-23 18:40:22,812 - MVC.modele.simulation - INFO - temps utilise 7.748603820800781e-05
2024-03-23 18:40:22,824 - MVC.modele.simulation - INFO - Position: (251.93871832130057, 258.4792853765888)
Vitesse roue droite: 0
Vitesse roue gauche: 50

2024-03-23 18:40:22,824 - MVC.modele.simulation - INFO - temps utilise 7.43865966796875e-05
2024-03-23 18:40:22,835 - MVC.modele.simulation - INFO - Position: (251.08251677512655, 256.13047314221814)
Vitesse roue droite: 0
Vitesse roue gauche: 50

2024-03-23 18:40:22,835 - MVC.modele.simulation - INFO - temps utilise 0.0
2024-03-23 18:40:22,845 - MVC.modele.simulation - INFO - Position: (250.465082620785, 253.7079176598705)
Vitesse roue droite: 0
Vitesse roue gauche: 50

2024-03-23 18:40:22,845 - MVC.modele.simulation - INFO - temps utilise 0.0
2024-03-23 18:40:22,856 - MVC.modele.simulation - INFO - Position: (250.09258505624953, 251.23582430313513)
Vitesse roue droite: 0
Vitesse roue gauche: 50

2024-03-23 18:40:22,856 - MVC.modele.simulation - INFO - temps utilise 0.0
2024-03-23 18:40:22,867 - MVC.modele.simulation - INFO - Position: (249.96874595405362, 248.7388934116671)
Vitesse roue droite: 0
Vitesse roue gauche: 50

2024-03-23 18:40:22,867 - MVC.modele.simulation - INFO - temps utilise 0.0
2024-03-23 18:40:22,878 - MVC.modele.simulation - INFO - Position: (250.09480267357065, 246.24207349355837)
Vitesse roue droite: 0
Vitesse roue gauche: 50

2024-03-23 18:40:22,878 - MVC.modele.simulation - INFO - temps utilise 0.0
2024-03-23 18:40:22,889 - MVC.modele.simulation - INFO - Position: (250.46949569772804, 243.7703119480917)
Vitesse roue droite: 0
Vitesse roue gauche: 50

2024-03-23 18:40:22,889 - MVC.modele.simulation - INFO - temps utilise 0.0
2024-03-23 18:40:22,900 - MVC.modele.simulation - INFO - Position: (251.08908121768545, 241.34830579957367)
Vitesse roue droite: 0
Vitesse roue gauche: 50

2024-03-23 18:40:22,900 - MVC.modele.simulation - INFO - temps utilise 0.0
2024-03-23 18:40:22,911 - MVC.modele.simulation - INFO - Position: (251.9473685397352, 239.0002549328315)
Vitesse roue droite: 0
Vitesse roue gauche: 50

2024-03-23 18:40:22,911 - MVC.modele.simulation - INFO - temps utilise 0.0
2024-03-23 18:40:22,922 - MVC.modele.simulation - INFO - Position: (253.03578194066745, 236.74962029596324)
Vitesse roue droite: 0
Vitesse roue gauche: 50

2024-03-23 18:40:22,922 - MVC.modele.simulation - INFO - temps utilise 0.0
2024-03-23 18:40:22,933 - MVC.modele.simulation - INFO - Position: (254.3434463535617, 234.6188894862996)
Vitesse roue droite: 0
Vitesse roue gauche: 50

2024-03-23 18:40:22,933 - MVC.modele.simulation - INFO - temps utilise 0.0
2024-03-23 18:40:22,944 - MVC.modele.simulation - INFO - Position: (255.8572960278607, 232.62935206176473)
Vitesse roue droite: 0
Vitesse roue gauche: 50

2024-03-23 18:40:22,944 - MVC.modele.simulation - INFO - temps utilise 0.0
2024-03-23 18:40:22,954 - MVC.modele.simulation - INFO - Position: (257.56220507803107, 230.800886822651)
Vitesse roue droite: 0
Vitesse roue gauche: 50

2024-03-23 18:40:22,954 - MVC.modele.simulation - INFO - temps utilise 0.0
2024-03-23 18:40:22,965 - MVC.modele.simulation - INFO - Position: (259.4411386164114, 229.15176318921735)
Vitesse roue droite: 0
Vitesse roue gauche: 50

2024-03-23 18:40:22,965 - MVC.modele.simulation - INFO - temps utilise 0.0
2024-03-23 18:40:22,976 - MVC.modele.simulation - INFO - Position: (261.4753229601792, 227.69845865968128)
Vitesse roue droite: 0
Vitesse roue gauche: 50

2024-03-23 18:40:22,977 - MVC.modele.simulation - INFO - temps utilise 0.0006136894226074219
2024-03-23 18:40:22,986 - MVC.modele.simulation - INFO - Position: (263.6444332117834, 226.45549417250328)
Vitesse roue droite: 0
Vitesse roue gauche: 50

2024-03-23 18:40:22,986 - MVC.modele.simulation - INFO - temps utilise 0.0
2024-03-23 18:40:22,997 - MVC.modele.simulation - INFO - Position: (265.92679633860246, 225.4352890179698)
Vitesse roue droite: 0
Vitesse roue gauche: 50

2024-03-23 18:40:22,997 - MVC.modele.simulation - INFO - temps utilise 0.00012993812561035156
2024-03-23 18:40:23,008 - MVC.modele.simulation - INFO - Position: (268.2996077227222, 224.64803674874997)
Vitesse roue droite: 0
Vitesse roue gauche: 50

2024-03-23 18:40:23,008 - MVC.modele.simulation - INFO - temps utilise 0.0
2024-03-23 18:40:23,019 - MVC.modele.simulation - INFO - Position: (270.7391590171397, 224.10160332928683)
Vitesse roue droite: 0
Vitesse roue gauche: 50

2024-03-23 18:40:23,019 - MVC.modele.simulation - INFO - temps utilise 0.0
